time: 0.000569 :read 3 elem from file /home/student/cube-1.3/proc/main/base_define/namelist.json!
time: 0.000795 :read 4 elem from file /home/student/cube-1.3/proc/main/base_define/dispatchnamelist.json!
time: 0.000903 :read 1 elem from file /home/student/cube-1.3/proc/main/base_define/typelist.json!
time: 0.001286 :read 7 elem from file /home/student/cube-1.3/proc/main/base_define/subtypelist.json!
time: 0.001413 :read 1 elem from file /home/student/cube-1.3/proc/main/base_define/baseflag.json!
time: 0.001876 :read 3 elem from file /home/student/cube-1.3/proc/main/base_define/memdb.json!
time: 0.003259 :read 7 elem from file /home/student/cube-1.3/proc/main/base_define/msghead.json!
time: 0.003845 :read 2 elem from file /home/student/cube-1.3/proc/main/base_define/msgrecord.json!
time: 0.005244 :read 10 elem from file /home/student/cube-1.3/proc/main/base_define/base_msg.json!
time: 0.006331 :read 8 elem from file /home/student/cube-1.3/proc/main/base_define/return.json!
time: 0.006878 :read 3 elem from file /home/student/cube-1.3/proc/main/base_define/dispatchrecord.json!
time: 0.007141 :read 2 elem from file /home/student/cube-1.3/proc/main/base_define/exmoduledefine.json!
time: 0.007461 :read 1 elem from file /home/student/cube-1.3/proc/main/base_define/sys_conn.json!
time: 0.008637 :read 9 elem from file user_define.json!
time: 0.009462 :read 5 elem from file record_define.json!
time: 0.009902 :read 4 elem from file label_define.json!
time: 0.019348 :this machine's local uuid is 4e001bbf5c16bf5cc1d31429472e82ff7868916d2fd41fe142e57a420e7b103f

time: 0.025005 :read 1 connector!

time: 0.025043 :conn server user_server begin to listen!

time: 0.025445 :read 4 policy from router_policy file!
time: 0.029460 :read 6 policy from aspect policy file!
time: 0.029504 :system plugin router_proc is prepared!
time: 0.035477 :system plugin connector_proc is prepared!
time: 0.035579 :ex_module connector_proc started successfully!
time: 0.035606 :ex_module router_proc started successfully!
time: 0.035635 :ex_module login_server started successfully!
time: 0.035655 :ex_module record_server started successfully!
time: 0.035675 :ex_module user_label started successfully!
time: 0.035696 :ex_module record_acl started successfully!
time: 0.035717 :ex_module login_store started successfully!
time: 0.035736 :ex_module recordlib started successfully!
time: 0.035742 :instance load 8 module!

time: 0.035796 :read 0 lib files!

time: 645.871726 :create a new channel a001a170!

time: 645.871819 :send 270 data to conn (null)!

time: 645.873515 :channel set name user1!

time: 645.876659 :router get proc connector_proc's message 
time: 645.876700 :new msg match path addr_init's policy
time: 645.882032 :link exists!, proc name user1

time: 645.882145 :router get proc user_label's message 
time: 646.867707 :create a new channel a001b510!

time: 646.867767 :send 269 data to conn (null)!

time: 646.871157 :channel set name user2!

time: 646.872615 :router get proc connector_proc's message 
time: 646.872631 :new msg match path addr_init's policy
time: 646.872757 :link exists!, proc name user2

time: 646.877779 :router get proc user_label's message 
time: 647.878424 :create a new channel a001d4e0!

time: 647.878558 :send 270 data to conn (null)!

time: 647.880844 :channel set name user3!

time: 647.883496 :router get proc connector_proc's message 
time: 647.883517 :new msg match path addr_init's policy
time: 647.889494 :link exists!, proc name user3

time: 647.889552 :router get proc user_label's message 
time: 647.891644 :channel receive (16896 1) message from conn user1!

time: 647.891686 :client forward (16896 1) message to main proc!

time: 647.894687 :router get proc connector_proc's message 
time: 647.894731 :remote msg match path login's policy
time: 647.894826 :aspect message to path addr_label's policy
time: 647.900007 :router get proc user_label's message 
time: 647.905228 :router get proc login_server's message 
time: 647.905380 :aspect message to path addr_verify's policy
time: 647.910573 :router get proc user_label's message 
time: 647.910689 :send message to conn process!
time: 647.913353 :send 217 data to conn user1!

time: 647.913384 :send (16896  4)message 217 to conn user1!

time: 647.928650 :channel receive (16896 1) message from conn user1!

time: 647.928690 :client forward (16896 1) message to main proc!

time: 647.930969 :router get proc connector_proc's message 
time: 647.931009 :remote msg match path challenge's policy
time: 647.936173 :router get proc login_server's message 
time: 647.936283 :send message to conn process!
time: 647.938768 :send 232 data to conn user1!

time: 647.938781 :send (16896  4)message 232 to conn user1!

time: 647.073771 :channel receive (12816 3) message from conn user1!

time: 647.073828 :client forward (12816 3) message to main proc!

time: 647.078815 :router get proc connector_proc's message 
time: 647.078877 :remote msg match path record's policy
time: 647.079039 :aspect message to path write_access's policy
time: 647.084278 :router get proc user_label's message 
time: 647.089529 :router get proc record_acl's message 
time: 647.094750 :router get proc record_server's message 
time: 647.094936 :send message to conn process!
time: 647.098430 :send 237 data to conn user1!

time: 647.098480 :send (16896  4)message 237 to conn user1!

time: 647.099983 :router get proc record_server's message 
time: 647.100017 :new msg match path store's policy
time: 647.274529 :channel receive (12816 2) message from conn user1!

time: 647.274588 :client forward (12816 2) message to main proc!

time: 647.279982 :router get proc connector_proc's message 
time: 647.280045 :remote msg match path record's policy
time: 647.280211 :aspect message to path label_read's policy
time: 647.285379 :router get proc user_label's message 
time: 647.291073 :router get proc record_server's message 
time: 647.291405 :aspect message to path read_access's policy
time: 647.296632 :router get proc record_acl's message 
time: 647.296854 :send message to conn process!
time: 647.297038 :send 203 data to conn user1!

time: 647.297060 :send (12816  1)message 203 to conn user1!

time: 648.885265 :channel receive (16896 1) message from conn user3!

time: 648.885317 :client forward (16896 1) message to main proc!

time: 648.890274 :router get proc connector_proc's message 
time: 648.890300 :remote msg match path login's policy
time: 648.890409 :aspect message to path addr_label's policy
time: 648.895843 :router get proc user_label's message 
time: 648.901674 :router get proc login_server's message 
time: 648.901798 :aspect message to path addr_verify's policy
time: 648.906958 :router get proc user_label's message 
time: 648.907056 :send message to conn process!
time: 648.907114 :send 217 data to conn user3!

time: 648.907122 :send (16896  4)message 217 to conn user3!

time: 648.927705 :channel receive (16896 1) message from conn user3!

time: 648.927744 :client forward (16896 1) message to main proc!

time: 648.933145 :router get proc connector_proc's message 
time: 648.933220 :remote msg match path challenge's policy
time: 648.938363 :router get proc login_server's message 
time: 648.938481 :send message to conn process!
time: 648.938814 :send 232 data to conn user3!

time: 648.938826 :send (16896  4)message 232 to conn user3!

time: 648.083289 :channel receive (12816 3) message from conn user3!

time: 648.083332 :client forward (12816 3) message to main proc!

time: 648.088364 :router get proc connector_proc's message 
time: 648.088414 :remote msg match path record's policy
time: 648.088511 :aspect message to path write_access's policy
time: 648.093933 :router get proc user_label's message 
time: 648.099134 :router get proc record_acl's message 
time: 648.104940 :router get proc record_server's message 
time: 648.105058 :send message to conn process!
time: 648.105481 :send 237 data to conn user3!

time: 648.105500 :send (16896  4)message 237 to conn user3!

time: 648.110122 :router get proc record_server's message 
time: 648.110167 :new msg match path store's policy
time: 648.282553 :channel receive (12816 2) message from conn user3!

time: 648.282615 :client forward (12816 2) message to main proc!

time: 648.287825 :router get proc connector_proc's message 
time: 648.287884 :remote msg match path record's policy
time: 648.288042 :aspect message to path label_read's policy
time: 648.293197 :router get proc user_label's message 
time: 648.298547 :router get proc record_server's message 
time: 648.299069 :aspect message to path read_access's policy
time: 649.304291 :router get proc record_acl's message 
time: 649.304523 :send message to conn process!
time: 649.304971 :send 203 data to conn user3!

time: 649.304994 :send (12816  1)message 203 to conn user3!

time: 650.879957 :channel receive (16896 1) message from conn user2!

time: 650.879995 :client forward (16896 1) message to main proc!

time: 650.885106 :router get proc connector_proc's message 
time: 650.885145 :remote msg match path login's policy
time: 650.885239 :aspect message to path addr_label's policy
time: 650.890342 :router get proc user_label's message 
time: 650.895560 :router get proc login_server's message 
time: 650.895708 :aspect message to path addr_verify's policy
time: 650.901211 :router get proc user_label's message 
time: 650.901402 :send message to conn process!
time: 650.902049 :send 217 data to conn user2!

time: 650.902141 :send (16896  4)message 217 to conn user2!

time: 650.928046 :channel receive (16896 1) message from conn user2!

time: 650.928105 :client forward (16896 1) message to main proc!

time: 650.931981 :router get proc connector_proc's message 
time: 650.932041 :remote msg match path challenge's policy
time: 650.937411 :router get proc login_server's message 
time: 650.937603 :send message to conn process!
time: 650.938863 :send 232 data to conn user2!

time: 650.938887 :send (16896  4)message 232 to conn user2!

time: 650.074221 :channel receive (12816 2) message from conn user2!

time: 650.074255 :client forward (12816 2) message to main proc!

time: 650.080000 :router get proc connector_proc's message 
time: 650.080043 :remote msg match path record's policy
time: 650.080158 :aspect message to path label_read's policy
time: 650.085383 :router get proc user_label's message 
time: 650.090592 :router get proc record_server's message 
time: 650.090766 :aspect message to path read_access's policy
time: 650.095966 :router get proc record_acl's message 
time: 650.096111 :send message to conn process!
time: 650.098436 :send 203 data to conn user2!

time: 650.098474 :send (12816  1)message 203 to conn user2!

time: 671.801893 :create a new channel a001fb60!

time: 671.801950 :send 269 data to conn (null)!

time: 671.802250 :channel set name user!

time: 671.807641 :router get proc connector_proc's message 
time: 671.807668 :new msg match path addr_init's policy
time: 671.807798 :link exists!, proc name user

time: 671.813042 :router get proc user_label's message 
time: 673.809071 :channel receive (12800 1) message from conn user!

time: 673.809098 :client forward (12800 1) message to main proc!

time: 673.814541 :router get proc connector_proc's message 
time: 673.814603 :remote msg match path login's policy
time: 674.807650 :channel receive (12816 3) message from conn user!

time: 674.807713 :client forward (12816 3) message to main proc!

time: 674.812519 :router get proc connector_proc's message 
time: 674.812582 :remote msg match path record's policy
time: 674.812745 :aspect message to path write_access's policy
time: 674.818014 :router get proc user_label's message 
time: 674.823320 :router get proc record_acl's message 
time: 675.809634 :channel receive (12816 2) message from conn user!

time: 675.809662 :client forward (12816 2) message to main proc!

time: 675.814674 :router get proc connector_proc's message 
time: 675.814713 :remote msg match path record's policy
time: 675.814804 :aspect message to path label_read's policy
time: 675.819952 :router get proc user_label's message 
time: 675.825717 :router get proc record_server's message 
time: 675.825887 :aspect message to path read_access's policy
time: 675.831487 :router get proc record_acl's message 
time: 675.831607 :send message to conn process!
time: 675.831711 :send 203 data to conn user!

time: 675.831721 :send (12816  1)message 203 to conn user!

