time: 0.0 :read 3 elem from file /home/eric/cube-1.3/proc/main/base_define/namelist.json!

time: 0.000945 :read 4 elem from file /home/eric/cube-1.3/proc/main/base_define/dispatchnamelist.json!

time: 0.001499 :read 1 elem from file /home/eric/cube-1.3/proc/main/base_define/typelist.json!

time: 0.002542 :read 7 elem from file /home/eric/cube-1.3/proc/main/base_define/subtypelist.json!

time: 0.004608 :read 1 elem from file /home/eric/cube-1.3/proc/main/base_define/baseflag.json!

time: 0.005458 :read 3 elem from file /home/eric/cube-1.3/proc/main/base_define/memdb.json!

time: 0.006949 :read 7 elem from file /home/eric/cube-1.3/proc/main/base_define/msghead.json!

time: 0.007873 :read 2 elem from file /home/eric/cube-1.3/proc/main/base_define/msgrecord.json!

time: 0.008722 :read 3 elem from file /home/eric/cube-1.3/proc/main/base_define/expandrecord.json!

time: 0.011156 :read 10 elem from file /home/eric/cube-1.3/proc/main/base_define/base_msg.json!

time: 0.013122 :read 8 elem from file /home/eric/cube-1.3/proc/main/base_define/return.json!

time: 0.014042 :read 3 elem from file /home/eric/cube-1.3/proc/main/base_define/dispatchrecord.json!

time: 0.014919 :read 2 elem from file /home/eric/cube-1.3/proc/main/base_define/exmoduledefine.json!

time: 0.015473 :read 1 elem from file /home/eric/cube-1.3/proc/main/base_define/sys_conn.json!

time: 0.019956 :read 5 elem from file websocket_define.json!
time: 0.030587 :this machine's local uuid is a58492752bed95829290e85deb119ff96ade349954e8adb088cdab0b11ad943d

time: 0.042840 :prepare the router proc

time: 0.052839 :prepare the conn proc

time: 0.053043 :monitor ex_modulec router_proc started successfully!

time: 0.053136 :monitor ex_modulec websocket_channel started successfully!

time: 0.053200 :monitor ex_modulec echo_channel started successfully!

time: 0.053243 :begin echo channel process!

time: 117.751394 :websocket_channel write 184 Data!
time: 117.755119 :read 184 data!

time: 117.755158 :echo 184 data!

time: 117.755171 :websocket_channel : Get 184 data from websocekt_channel！
time: 117.755264 :websocket_channel read 4 Data!
time: 138.268695 :websocket_channel write 4 Data!
time: 138.272662 :read 4 data!

time: 138.272720 :echo 4 data!

time: 138.272753 :websocket_channel : Get 4 data from websocekt_channel！
time: 138.272808 :websocket_channel read 2 Data!
time: 168.468815 :websocket_channel write 185 Data!
time: 168.473207 :read 185 data!

time: 168.473289 :echo 185 data!

time: 168.477241 :websocket_channel : Get 185 data from websocekt_channel！
time: 168.477325 :websocket_channel read 4 Data!
time: 174.755920 :websocket_channel write 2 Data!
time: 174.758813 :read 2 data!

time: 174.759237 :echo 2 data!

time: 174.763896 :websocket_channel : Get 2 data from websocekt_channel！
time: 174.764052 :websocket_channel read 2 Data!
