time: 0.000336 :read 3 elem from file /home/student/cube-1.3/proc/main/base_define/namelist.json!
time: 0.000450 :read 4 elem from file /home/student/cube-1.3/proc/main/base_define/dispatchnamelist.json!
time: 0.000504 :read 1 elem from file /home/student/cube-1.3/proc/main/base_define/typelist.json!
time: 0.000695 :read 7 elem from file /home/student/cube-1.3/proc/main/base_define/subtypelist.json!
time: 0.000741 :read 1 elem from file /home/student/cube-1.3/proc/main/base_define/baseflag.json!
time: 0.000968 :read 3 elem from file /home/student/cube-1.3/proc/main/base_define/memdb.json!
time: 0.001611 :read 7 elem from file /home/student/cube-1.3/proc/main/base_define/msghead.json!
time: 0.002061 :read 2 elem from file /home/student/cube-1.3/proc/main/base_define/msgrecord.json!
time: 0.002595 :read 10 elem from file /home/student/cube-1.3/proc/main/base_define/base_msg.json!
time: 0.003071 :read 8 elem from file /home/student/cube-1.3/proc/main/base_define/return.json!
time: 0.003379 :read 3 elem from file /home/student/cube-1.3/proc/main/base_define/dispatchrecord.json!
time: 0.003507 :read 2 elem from file /home/student/cube-1.3/proc/main/base_define/exmoduledefine.json!
time: 0.003636 :read 1 elem from file /home/student/cube-1.3/proc/main/base_define/sys_conn.json!
time: 0.004232 :read 9 elem from file user_define.json!
time: 0.004598 :read 5 elem from file record_define.json!
time: 0.009235 :this machine's local uuid is 4e001bbf5c16bf5cc1d31429472e82ff7868916d2fd41fe142e57a420e7b103f

time: 0.014512 :read 1 connector!

time: 0.014706 :read 3 policy from router_policy file!
time: 0.014734 :system plugin router_proc is prepared!
time: 0.020300 :system plugin connector_proc is prepared!
time: 0.020392 :ex_module connector_proc started successfully!
time: 0.020416 :ex_module router_proc started successfully!
time: 0.020442 :ex_module msg_send started successfully!
time: 0.020462 :ex_module login_user started successfully!
time: 0.020481 :ex_module print started successfully!
time: 0.020488 :instance load 5 module!

time: 0.020510 :begin msgfile_send module!

time: 0.020579 :client user_client connect succeed!

time: 0.030873 :proc conn client receive 269 data!

time: 0.031030 :send 326 data to conn user_client!

time: 0.031037 :client user_client send 326 ack data to server !

time: 0.037370 :router get proc connector_proc's message 
time: 4.024489 :router get proc msg_send's message 
time: 4.024534 :new msg match path login's policy
time: 4.029751 :router get proc login_user's message 
time: 4.029866 :send message to conn process!
time: 4.030223 :send 283 data to conn user_client!

time: 4.030235 :send (16896  1)message 283 to conn user_client!

time: 4.067201 :proc conn client receive 217 data!

time: 4.072066 :router get proc connector_proc's message 
time: 4.072124 :remote msg match path login's policy
time: 4.077363 :router get proc login_user's message 
time: 4.077409 :new msg match path challenge's policy
time: 4.077553 :send message to conn process!
time: 4.078808 :send 283 data to conn user_client!

time: 4.078856 :send (16896  1)message 283 to conn user_client!

time: 4.101141 :proc conn client receive 232 data!

time: 4.102936 :router get proc connector_proc's message 
time: 4.102972 :remote msg match path challenge's policy
time: 4.107927 :user zhanle login succeed!
time: 4.108138 :router get proc login_user's message 
time: 4.113484 :router get proc print's message 
time: 4.223845 :router get proc msg_send's message 
time: 4.223882 :new msg match path record's policy
time: 4.224004 :send message to conn process!
time: 4.224146 :send 184 data to conn user_client!

time: 4.224158 :send (12816  2)message 184 to conn user_client!

time: 4.261435 :proc conn client receive 203 data!

time: 4.266444 :router get proc connector_proc's message 
time: 4.266469 :remote msg match path record's policy
time: 4.271791 :router get proc print's message 
