time: 0.001071 :read 3 elem from file /home/student/cube-1.3/proc/main/base_define/namelist.json!
time: 0.001206 :read 4 elem from file /home/student/cube-1.3/proc/main/base_define/dispatchnamelist.json!
time: 0.001274 :read 1 elem from file /home/student/cube-1.3/proc/main/base_define/typelist.json!
time: 0.001514 :read 7 elem from file /home/student/cube-1.3/proc/main/base_define/subtypelist.json!
time: 0.001570 :read 1 elem from file /home/student/cube-1.3/proc/main/base_define/baseflag.json!
time: 0.001887 :read 3 elem from file /home/student/cube-1.3/proc/main/base_define/memdb.json!
time: 0.002649 :read 7 elem from file /home/student/cube-1.3/proc/main/base_define/msghead.json!
time: 0.003010 :read 2 elem from file /home/student/cube-1.3/proc/main/base_define/msgrecord.json!
time: 0.003771 :read 10 elem from file /home/student/cube-1.3/proc/main/base_define/base_msg.json!
time: 0.004327 :read 8 elem from file /home/student/cube-1.3/proc/main/base_define/return.json!
time: 0.004817 :read 3 elem from file /home/student/cube-1.3/proc/main/base_define/dispatchrecord.json!
time: 0.004998 :read 2 elem from file /home/student/cube-1.3/proc/main/base_define/exmoduledefine.json!
time: 0.005164 :read 1 elem from file /home/student/cube-1.3/proc/main/base_define/sys_conn.json!
time: 0.006515 :read 9 elem from file user_define.json!
time: 0.007009 :read 5 elem from file record_define.json!
time: 0.013438 :this machine's local uuid is 4e001bbf5c16bf5cc1d31429472e82ff7868916d2fd41fe142e57a420e7b103f

time: 0.019365 :read 1 connector!

time: 0.020218 :read 3 policy from router_policy file!
time: 0.020297 :system plugin router_proc is prepared!
time: 0.026161 :system plugin connector_proc is prepared!
time: 0.026295 :ex_module connector_proc started successfully!
time: 0.026328 :ex_module router_proc started successfully!
time: 0.026364 :ex_module msg_send started successfully!
time: 0.026391 :ex_module login_user started successfully!
time: 0.026416 :ex_module print started successfully!
time: 0.026423 :instance load 5 module!

time: 0.026455 :begin msgfile_send module!

time: 0.026624 :client user_client connect succeed!

time: 0.032186 :proc conn client receive 269 data!

time: 0.032885 :send 326 data to conn user_client!

time: 0.032899 :client user_client send 326 ack data to server !

time: 0.040966 :router get proc connector_proc's message 
time: 4.028158 :router get proc msg_send's message 
time: 4.028186 :new msg match path login's policy
time: 4.033636 :router get proc login_user's message 
time: 4.033769 :send message to conn process!
time: 4.033895 :send 283 data to conn user_client!

time: 4.033907 :send (16896  1)message 283 to conn user_client!

time: 4.056787 :proc conn client receive 217 data!

time: 4.061360 :router get proc connector_proc's message 
time: 4.061395 :remote msg match path login's policy
time: 4.066573 :router get proc login_user's message 
time: 4.066615 :new msg match path challenge's policy
time: 4.066690 :send message to conn process!
time: 4.068726 :send 283 data to conn user_client!

time: 4.068747 :send (16896  1)message 283 to conn user_client!

time: 4.099418 :proc conn client receive 232 data!

time: 4.102524 :router get proc connector_proc's message 
time: 4.102550 :remote msg match path challenge's policy
time: 4.108429 :user zhanle login succeed!
time: 4.108477 :router get proc login_user's message 
time: 4.114455 :router get proc print's message 
time: 4.243866 :router get proc msg_send's message 
time: 4.243900 :new msg match path record's policy
time: 4.243976 :send message to conn process!
time: 4.249260 :send 184 data to conn user_client!

time: 4.249290 :send (12816  2)message 184 to conn user_client!

time: 4.288736 :proc conn client receive 214 data!

time: 4.294389 :router get proc connector_proc's message 
time: 4.294426 :remote msg match path record's policy
time: 4.299662 :router get proc print's message 
