time: 0.000494 :read 3 elem from file /home/student/cube-1.3/proc/main/base_define/namelist.json!
time: 0.000622 :read 4 elem from file /home/student/cube-1.3/proc/main/base_define/dispatchnamelist.json!
time: 0.000684 :read 1 elem from file /home/student/cube-1.3/proc/main/base_define/typelist.json!
time: 0.000947 :read 7 elem from file /home/student/cube-1.3/proc/main/base_define/subtypelist.json!
time: 0.001004 :read 1 elem from file /home/student/cube-1.3/proc/main/base_define/baseflag.json!
time: 0.001262 :read 3 elem from file /home/student/cube-1.3/proc/main/base_define/memdb.json!
time: 0.001992 :read 7 elem from file /home/student/cube-1.3/proc/main/base_define/msghead.json!
time: 0.002316 :read 2 elem from file /home/student/cube-1.3/proc/main/base_define/msgrecord.json!
time: 0.002900 :read 10 elem from file /home/student/cube-1.3/proc/main/base_define/base_msg.json!
time: 0.003484 :read 8 elem from file /home/student/cube-1.3/proc/main/base_define/return.json!
time: 0.003791 :read 3 elem from file /home/student/cube-1.3/proc/main/base_define/dispatchrecord.json!
time: 0.003941 :read 2 elem from file /home/student/cube-1.3/proc/main/base_define/exmoduledefine.json!
time: 0.004089 :read 1 elem from file /home/student/cube-1.3/proc/main/base_define/sys_conn.json!
time: 0.004781 :read 9 elem from file user_define.json!
time: 0.005270 :read 5 elem from file record_define.json!
time: 0.009829 :this machine's local uuid is 4e001bbf5c16bf5cc1d31429472e82ff7868916d2fd41fe142e57a420e7b103f

time: 0.015508 :read 1 connector!

time: 0.015688 :read 2 policy from router_policy file!
time: 0.015717 :system plugin router_proc is prepared!
time: 0.021066 :system plugin connector_proc is prepared!
time: 0.021166 :ex_module connector_proc started successfully!
time: 0.021189 :ex_module router_proc started successfully!
time: 0.021216 :ex_module msg_send started successfully!
time: 0.021236 :ex_module print started successfully!
time: 0.021242 :instance load 4 module!

time: 0.021262 :begin msgfile_send module!

time: 0.021362 :client user_client connect succeed!

time: 0.026830 :proc conn client receive 269 data!

time: 0.027010 :send 324 data to conn user_client!

time: 0.027017 :client user_client send 324 ack data to server !

time: 0.032754 :router get proc connector_proc's message 
time: 0.521620 :router get proc msg_send's message 
time: 0.521662 :new msg match path login's policy
time: 0.521802 :send message to conn process!
time: 0.522074 :send 283 data to conn user_client!

time: 0.522094 :send (12800  1)message 283 to conn user_client!

time: 0.549343 :proc conn client receive 200 data!

time: 0.553789 :router get proc connector_proc's message 
time: 0.553855 :remote msg match path login's policy
time: 0.559512 :router get proc print's message 
time: 2.527607 :router get proc msg_send's message 
time: 2.527669 :new msg match path record's policy
time: 2.527803 :send message to conn process!
time: 2.528084 :send 202 data to conn user_client!

time: 2.528105 :send (12816  3)message 202 to conn user_client!

time: 2.554602 :proc conn client receive 205 data!

time: 2.558881 :router get proc connector_proc's message 
time: 2.558937 :remote msg match path record's policy
time: 2.565012 :router get proc print's message 
time: 4.523016 :router get proc msg_send's message 
time: 4.523063 :new msg match path record's policy
time: 4.523190 :send message to conn process!
time: 4.523506 :send 184 data to conn user_client!

time: 4.523532 :send (12816  2)message 184 to conn user_client!

time: 4.555638 :proc conn client receive 207 data!

time: 4.560756 :router get proc connector_proc's message 
time: 4.560812 :remote msg match path record's policy
time: 4.566457 :router get proc print's message 
