time: 0.001263 :read 3 elem from file /home/student/cube-1.3/proc/main/base_define/namelist.json!
time: 0.001434 :read 4 elem from file /home/student/cube-1.3/proc/main/base_define/dispatchnamelist.json!
time: 0.001544 :read 1 elem from file /home/student/cube-1.3/proc/main/base_define/typelist.json!
time: 0.001816 :read 7 elem from file /home/student/cube-1.3/proc/main/base_define/subtypelist.json!
time: 0.001935 :read 1 elem from file /home/student/cube-1.3/proc/main/base_define/baseflag.json!
time: 0.002256 :read 3 elem from file /home/student/cube-1.3/proc/main/base_define/memdb.json!
time: 0.002963 :read 7 elem from file /home/student/cube-1.3/proc/main/base_define/msghead.json!
time: 0.003308 :read 2 elem from file /home/student/cube-1.3/proc/main/base_define/msgrecord.json!
time: 0.003987 :read 10 elem from file /home/student/cube-1.3/proc/main/base_define/base_msg.json!
time: 0.004959 :read 8 elem from file /home/student/cube-1.3/proc/main/base_define/return.json!
time: 0.005778 :read 3 elem from file /home/student/cube-1.3/proc/main/base_define/dispatchrecord.json!
time: 0.006094 :read 2 elem from file /home/student/cube-1.3/proc/main/base_define/exmoduledefine.json!
time: 0.006303 :read 1 elem from file /home/student/cube-1.3/proc/main/base_define/sys_conn.json!
time: 0.007174 :read 9 elem from file user_define.json!
time: 0.007787 :read 5 elem from file record_define.json!
time: 0.014225 :this machine's local uuid is 4e001bbf5c16bf5cc1d31429472e82ff7868916d2fd41fe142e57a420e7b103f

time: 0.019773 :read 1 connector!

time: 0.020199 :read 3 policy from router_policy file!
time: 0.020480 :system plugin router_proc is prepared!
time: 0.027213 :system plugin connector_proc is prepared!
time: 0.027380 :ex_module connector_proc started successfully!
time: 0.027461 :ex_module router_proc started successfully!
time: 0.027543 :ex_module msg_send started successfully!
time: 0.027623 :ex_module login_user started successfully!
time: 0.027701 :ex_module print started successfully!
time: 0.027758 :instance load 5 module!

time: 0.027915 :begin msgfile_send module!

time: 0.028034 :client user_client connect succeed!

time: 0.039656 :proc conn client receive 270 data!

time: 0.039727 :send 327 data to conn user_client!

time: 0.039736 :client user_client send 327 ack data to server !

time: 0.045441 :router get proc connector_proc's message 
time: 1.028523 :router get proc msg_send's message 
time: 1.028771 :new msg match path login's policy
time: 1.034318 :router get proc login_user's message 
time: 1.034557 :send message to conn process!
time: 1.036771 :send 284 data to conn user_client!

time: 1.036826 :send (16896  1)message 284 to conn user_client!

time: 1.069398 :proc conn client receive 217 data!

time: 1.071573 :router get proc connector_proc's message 
time: 1.071609 :remote msg match path login's policy
time: 1.076756 :router get proc login_user's message 
time: 1.076790 :new msg match path challenge's policy
time: 1.076888 :send message to conn process!
time: 1.076945 :send 284 data to conn user_client!

time: 1.076961 :send (16896  1)message 284 to conn user_client!

time: 1.103023 :proc conn client receive 232 data!

time: 1.108081 :router get proc connector_proc's message 
time: 1.108135 :remote msg match path challenge's policy
time: 1.113063 :user zhanlao login succeed!
time: 1.113374 :router get proc login_user's message 
time: 1.118920 :router get proc print's message 
time: 1.231402 :router get proc msg_send's message 
time: 1.231598 :new msg match path record's policy
time: 1.232012 :send message to conn process!
time: 1.232177 :send 202 data to conn user_client!

time: 1.232202 :send (12816  3)message 202 to conn user_client!

time: 1.269396 :proc conn client receive 237 data!

time: 1.274003 :router get proc connector_proc's message 
time: 1.274064 :remote msg match path record's policy
time: 1.279305 :router get proc print's message 
time: 1.431331 :router get proc msg_send's message 
time: 1.431494 :new msg match path record's policy
time: 1.431703 :send message to conn process!
time: 1.431930 :send 184 data to conn user_client!

time: 1.431966 :send (12816  2)message 184 to conn user_client!

time: 2.469032 :proc conn client receive 203 data!

time: 2.473763 :router get proc connector_proc's message 
time: 2.473850 :remote msg match path record's policy
time: 2.479286 :router get proc print's message 
