time: 0.000360 :read 3 elem from file /home/student/cube-1.3/proc/main/base_define/namelist.json!
time: 0.000514 :read 4 elem from file /home/student/cube-1.3/proc/main/base_define/dispatchnamelist.json!
time: 0.000570 :read 1 elem from file /home/student/cube-1.3/proc/main/base_define/typelist.json!
time: 0.000765 :read 7 elem from file /home/student/cube-1.3/proc/main/base_define/subtypelist.json!
time: 0.000811 :read 1 elem from file /home/student/cube-1.3/proc/main/base_define/baseflag.json!
time: 0.001039 :read 3 elem from file /home/student/cube-1.3/proc/main/base_define/memdb.json!
time: 0.001719 :read 7 elem from file /home/student/cube-1.3/proc/main/base_define/msghead.json!
time: 0.002077 :read 2 elem from file /home/student/cube-1.3/proc/main/base_define/msgrecord.json!
time: 0.002669 :read 10 elem from file /home/student/cube-1.3/proc/main/base_define/base_msg.json!
time: 0.003117 :read 8 elem from file /home/student/cube-1.3/proc/main/base_define/return.json!
time: 0.003436 :read 3 elem from file /home/student/cube-1.3/proc/main/base_define/dispatchrecord.json!
time: 0.003571 :read 2 elem from file /home/student/cube-1.3/proc/main/base_define/exmoduledefine.json!
time: 0.003702 :read 1 elem from file /home/student/cube-1.3/proc/main/base_define/sys_conn.json!
time: 0.004296 :read 9 elem from file user_define.json!
time: 0.004677 :read 5 elem from file record_define.json!
time: 0.004895 :read 4 elem from file label_define.json!
time: 0.009265 :this machine's local uuid is 4e001bbf5c16bf5cc1d31429472e82ff7868916d2fd41fe142e57a420e7b103f

time: 0.016160 :read 1 connector!

time: 0.016194 :conn server user_server begin to listen!

time: 0.016690 :read 3 policy from router_policy file!
time: 0.017096 :read 6 policy from aspect policy file!
time: 0.017138 :system plugin router_proc is prepared!
time: 0.027803 :system plugin connector_proc is prepared!
time: 0.027967 :ex_module connector_proc started successfully!
time: 0.028017 :ex_module router_proc started successfully!
time: 0.028068 :ex_module user_server started successfully!
time: 0.028108 :ex_module record_server started successfully!
time: 0.028148 :ex_module user_label started successfully!
time: 0.028187 :ex_module record_acl started successfully!
time: 0.028232 :ex_module login_store started successfully!
time: 0.028271 :ex_module recordlib started successfully!
time: 0.028283 :instance load 8 module!

time: 0.028733 :read 0 lib files!

time: 1.024913 :create a new channel 58000b20!

time: 1.024991 :send 269 data to conn (null)!

time: 1.030460 :channel set name user!

time: 1.036064 :router get proc connector_proc's message 
time: 1.036088 :new msg match path addr_init's policy
time: 1.041265 :Add a new link, proc name user

time: 1.041389 :router get proc user_label's message 
time: 1.530648 :channel receive (12800 1) message from conn user!

time: 1.530707 :client forward (12800 1) message to main proc!

time: 1.535604 :router get proc connector_proc's message 
time: 1.535683 :remote msg match path login's policy
time: 1.535849 :aspect message to path addr_label's policy
time: 1.541215 :router get proc user_label's message 
time: 1.546502 :router get proc user_server's message 
time: 1.546781 :aspect message to path addr_verify's policy
time: 1.552211 :router get proc user_label's message 
time: 1.552391 :send message to conn process!
time: 1.552602 :send 200 data to conn user!

time: 1.552627 :send (12800  4)message 200 to conn user!

time: 2.036473 :create a new channel 58001010!

time: 2.036537 :send 270 data to conn (null)!

time: 2.041761 :channel set name user1!

time: 2.046647 :router get proc connector_proc's message 
time: 2.046688 :new msg match path addr_init's policy
time: 2.052280 :Add a new link, proc name user1

time: 2.052367 :router get proc user_label's message 
time: 2.247039 :channel receive (12800 1) message from conn user1!

time: 2.247060 :client forward (12800 1) message to main proc!

time: 2.252903 :router get proc connector_proc's message 
time: 2.252938 :remote msg match path login's policy
time: 2.253041 :aspect message to path addr_label's policy
time: 2.258204 :router get proc user_label's message 
time: 2.263638 :router get proc user_server's message 
time: 2.263849 :aspect message to path addr_verify's policy
time: 2.268981 :router get proc user_label's message 
time: 2.269070 :send message to conn process!
time: 2.269249 :send 200 data to conn user1!

time: 2.269259 :send (12800  4)message 200 to conn user1!

time: 3.046194 :create a new channel 58003530!

time: 3.046289 :send 270 data to conn (null)!

time: 3.047508 :channel set name user2!

time: 3.051881 :router get proc connector_proc's message 
time: 3.051918 :new msg match path addr_init's policy
time: 3.057517 :Add a new link, proc name user2

time: 3.057576 :router get proc user_label's message 
time: 3.244478 :channel receive (12816 3) message from conn user1!

time: 3.244513 :client forward (12816 3) message to main proc!

time: 3.248990 :router get proc connector_proc's message 
time: 3.249063 :remote msg match path record's policy
time: 3.249249 :aspect message to path write_access's policy
time: 3.254403 :router get proc user_label's message 
time: 3.258992 :channel receive (12800 1) message from conn user2!

time: 3.259054 :client forward (12800 1) message to main proc!

time: 3.259655 :router get proc connector_proc's message 
time: 3.259684 :remote msg match path login's policy
time: 3.259730 :router get proc record_acl's message 
time: 3.259883 :aspect message to path addr_label's policy
time: 3.265183 :router get proc record_server's message 
time: 3.265241 :router get proc user_label's message 
time: 3.265376 :send message to conn process!
time: 3.269647 :send 205 data to conn user1!

time: 3.269695 :send (12800  4)message 205 to conn user1!

time: 3.271018 :router get proc user_server's message 
time: 3.271058 :router get proc record_server's message 
time: 3.271073 :new msg match path store's policy
time: 3.271265 :aspect message to path addr_verify's policy
time: 3.276634 :router get proc user_label's message 
time: 3.276799 :send message to conn process!
time: 3.280067 :send 200 data to conn user2!

time: 3.280097 :send (12800  4)message 200 to conn user2!

time: 3.532980 :channel receive (12816 3) message from conn user!

time: 3.533016 :client forward (12816 3) message to main proc!

time: 3.536549 :router get proc connector_proc's message 
time: 3.536609 :remote msg match path record's policy
time: 3.536850 :aspect message to path write_access's policy
time: 3.542014 :router get proc user_label's message 
time: 3.547323 :router get proc record_acl's message 
time: 3.552621 :router get proc record_server's message 
time: 3.552786 :send message to conn process!
time: 3.556790 :send 205 data to conn user!

time: 3.556836 :send (12800  4)message 205 to conn user!

time: 3.557895 :router get proc record_server's message 
time: 3.557938 :new msg match path store's policy
time: 4.244340 :channel receive (12816 3) message from conn user1!

time: 4.244401 :client forward (12816 3) message to main proc!

time: 4.249395 :router get proc connector_proc's message 
time: 4.249455 :remote msg match path record's policy
time: 4.249629 :aspect message to path write_access's policy
time: 4.254873 :router get proc user_label's message 
time: 4.260185 :router get proc record_acl's message 
time: 4.265423 :router get proc record_server's message 
time: 4.265604 :send message to conn process!
time: 4.270660 :router get proc record_server's message 
time: 4.270720 :new msg match path store's policy
time: 4.270819 :send 205 data to conn user1!

time: 4.270834 :send (12800  4)message 205 to conn user1!

time: 5.245573 :channel receive (12816 2) message from conn user1!

time: 5.245609 :client forward (12816 2) message to main proc!

time: 5.250904 :router get proc connector_proc's message 
time: 5.250968 :remote msg match path record's policy
time: 5.251128 :aspect message to path label_read's policy
time: 5.256307 :router get proc user_label's message 
time: 5.257290 :channel receive (12816 3) message from conn user2!

time: 5.257327 :client forward (12816 3) message to main proc!

time: 5.261761 :router get proc connector_proc's message 
time: 5.261805 :remote msg match path record's policy
time: 5.261819 :router get proc record_server's message 
time: 5.261991 :aspect message to path write_access's policy
time: 5.262191 :aspect message to path read_access's policy
time: 5.267691 :router get proc user_label's message 
time: 5.267751 :router get proc record_acl's message 
time: 5.268069 :send message to conn process!
time: 5.270638 :send 205 data to conn user1!

time: 5.270686 :send (12816  1)message 205 to conn user1!

time: 5.273157 :router get proc record_acl's message 
time: 5.278414 :router get proc record_server's message 
time: 5.278569 :send message to conn process!
time: 5.282206 :send 205 data to conn user2!

time: 5.282245 :send (12800  4)message 205 to conn user2!

time: 5.283648 :router get proc record_server's message 
time: 5.283677 :new msg match path store's policy
time: 5.532231 :channel receive (12816 2) message from conn user!

time: 5.532291 :client forward (12816 2) message to main proc!

time: 5.537138 :router get proc connector_proc's message 
time: 5.537198 :remote msg match path record's policy
time: 5.537351 :aspect message to path label_read's policy
time: 5.542561 :router get proc user_label's message 
time: 5.547839 :router get proc record_server's message 
time: 5.548145 :aspect message to path read_access's policy
time: 5.553465 :router get proc record_acl's message 
time: 5.553697 :send message to conn process!
time: 5.558464 :send 207 data to conn user!

time: 5.558518 :send (12816  1)message 207 to conn user!

time: 7.253120 :channel receive (12816 2) message from conn user2!

time: 7.253172 :client forward (12816 2) message to main proc!

time: 7.258045 :router get proc connector_proc's message 
time: 7.258103 :remote msg match path record's policy
time: 7.258260 :aspect message to path label_read's policy
time: 7.263551 :router get proc user_label's message 
time: 7.268803 :router get proc record_server's message 
time: 7.269077 :aspect message to path read_access's policy
time: 7.274397 :router get proc record_acl's message 
time: 7.274613 :send message to conn process!
time: 7.276513 :send 207 data to conn user2!

time: 7.276548 :send (12816  1)message 207 to conn user2!

