
**************Begin new trust node proc****************************
{
 "HEAD":{"tag":"MESG","version":65537,"sender_uuid":"","receiver_uuid":"user_lab
    el","route":"addr_init","flow":"DELIVER","state":"MATCH","flag":"LOCAL","ljump":
    1,"rjump":1,"record_type":"MESSAGE","record_subtype":"CONN_ACKI","record_num":1,
    "record_size":144,"expand_num":0,"expand_size":0,"msg_uuid":"f25f96ac1c1c872a697
    305946d35439f758aa45726e48fb86ff8ede8c4bc16f7"},
"RECORD":[
    {"uuid":"4e001bbf5c16bf5cc1d31429472e82ff7868916d2fd41fe142e57a420e7b103f","clie
        nt_name":"user","client_proc":"user","client_addr":"unknown addr","server_uuid":
        "4e001bbf5c16bf5cc1d31429472e82ff7868916d2fd41fe142e57a420e7b103f","server_name"
        :"server","service":"trust_server","server_addr":"","flags":0,"nonce":""}
    ],
"EXPAND" :[]
}

************************************************************
{
 "HEAD":{"tag":"MESG","version":65537,"sender_uuid":"user_label","receiver_uuid"
    :"","route":"addr_init","flow":"DELIVER","state":"MATCH","flag":"LOCAL","ljump":
    2,"rjump":1,"record_type":"MESSAGE","record_subtype":"CONN_ACKI","record_num":1,
    "record_size":144,"expand_num":0,"expand_size":0,"msg_uuid":"f25f96ac1c1c872a697
    305946d35439f758aa45726e48fb86ff8ede8c4bc16f7"},
"RECORD":[
    {"uuid":"4e001bbf5c16bf5cc1d31429472e82ff7868916d2fd41fe142e57a420e7b103f","clie
        nt_name":"user","client_proc":"user","client_addr":"unknown addr","server_uuid":
        "4e001bbf5c16bf5cc1d31429472e82ff7868916d2fd41fe142e57a420e7b103f","server_name"
        :"server","service":"trust_server","server_addr":"","flags":0,"nonce":""}
    ],
"EXPAND" :[]
}

************************************************************
{
 "HEAD":{"tag":"MESG","version":65537,"sender_uuid":"4f62ec2789bd42b913335c3ef15
    587df98ec3d070d5e9f1c03d8b747a86ebf32","receiver_uuid":"user_server","route":"lo
    gin","flow":"QUERY","state":"MATCH","flag":"LOCAL","ljump":1,"rjump":2,"record_t
    ype":"USER_DEFINE","record_subtype":"LOGIN","record_num":1,"record_size":103,"ex
    pand_num":0,"expand_size":0,"msg_uuid":"5420867dae2caedcf6c76a7db58a7567ce0de3a0
    3b94d200277f88b915b415a6"},
"RECORD":[
    {"user_name":"zhanle","passwd":"123","proc_name":"","machine_uuid":""}
    ],
"EXPAND" :[]
}

************************************************************
{
 "HEAD":{"tag":"MESG","version":65537,"sender_uuid":"4f62ec2789bd42b913335c3ef15
    587df98ec3d070d5e9f1c03d8b747a86ebf32","receiver_uuid":"user_label","route":"add
    r_label","flow":"QUERY","state":"MATCH","flag":"LOCAL","ljump":1,"rjump":1,"reco
    rd_type":"USER_DEFINE","record_subtype":"LOGIN","record_num":1,"record_size":103
    ,"expand_num":0,"expand_size":0,"msg_uuid":"6e0827f9adaf8434ba1c9bcd1b1c923d95f8
    c121d32c107243c82f94fe2d7b9e"},
"RECORD":[
    {"user_name":"zhanle","passwd":"123","proc_name":"","machine_uuid":""}
    ],
"EXPAND" :[]
}

************************************************************
{
 "HEAD":{"tag":"MESG","version":65537,"sender_uuid":"4f62ec2789bd42b913335c3ef15
    587df98ec3d070d5e9f1c03d8b747a86ebf32","receiver_uuid":"user_server","route":"lo
    gin","flow":"QUERY","state":"MATCH","flag":"LOCAL","ljump":1,"rjump":2,"record_t
    ype":"USER_DEFINE","record_subtype":"LOGIN","record_num":1,"record_size":103,"ex
    pand_num":1,"expand_size":0,"msg_uuid":"5420867dae2caedcf6c76a7db58a7567ce0de3a0
    3b94d200277f88b915b415a6"},
"RECORD":[
    {"user_name":"zhanle","passwd":"123","proc_name":"","machine_uuid":""}
    ],
"EXPAND" :[
    {"data_size":0,"type":"LABEL_DEFINE","subtype":"ADDR","expand":
        {"node_uuid":"4e001bbf5c16bf5cc1d31429472e82ff7868916d2fd41fe142e57a420e7b103f",
            "proc_name":"user","user_name":"zhanle","role":"NULL"}
        }
    ]
}

************************************************************
{
 "HEAD":{"tag":"MESG","version":65537,"sender_uuid":"user_server","receiver_uuid
    ":"4f62ec2789bd42b913335c3ef15587df98ec3d070d5e9f1c03d8b747a86ebf32","route":"lo
    gin","flow":"QUERY","state":"RESPONSE","flag":"NULL","ljump":2,"rjump":2,"record
    _type":"USER_DEFINE","record_subtype":"RETURN","record_num":1,"record_size":0,"e
    xpand_num":1,"expand_size":0,"msg_uuid":"5420867dae2caedcf6c76a7db58a7567ce0de3a
    03b94d200277f88b915b415a6"},
"RECORD":[
    {"return_code":"SUCCEED","return_info":"login succeed!
"}
    ],
"EXPAND" :[
    {"data_size":0,"type":"LABEL_DEFINE","subtype":"ADDR","expand":
        {"node_uuid":"4e001bbf5c16bf5cc1d31429472e82ff7868916d2fd41fe142e57a420e7b103f",
            "proc_name":"user","user_name":"zhanle","role":"NULL"}
        }
    ]
}

************************************************************
{
 "HEAD":{"tag":"MESG","version":65537,"sender_uuid":"user_server","receiver_uuid
    ":"user_label","route":"addr_verify","flow":"QUERY","state":"MATCH","flag":"LOCA
    L","ljump":1,"rjump":1,"record_type":"USER_DEFINE","record_subtype":"RETURN","re
    cord_num":1,"record_size":0,"expand_num":1,"expand_size":0,"msg_uuid":"2ecabee7c
    922b8cc6d3c7785dfbe51151e2f1574020957b7fdddf34b7d9f8594"},
"RECORD":[
    {"return_code":"SUCCEED","return_info":"login succeed!
"}
    ],
"EXPAND" :[
    {"data_size":0,"type":"LABEL_DEFINE","subtype":"ADDR","expand":
        {"node_uuid":"4e001bbf5c16bf5cc1d31429472e82ff7868916d2fd41fe142e57a420e7b103f",
            "proc_name":"user","user_name":"zhanle","role":"NULL"}
        }
    ]
}

************************************************************
{
 "HEAD":{"tag":"MESG","version":65537,"sender_uuid":"user_server","receiver_uuid
    ":"4f62ec2789bd42b913335c3ef15587df98ec3d070d5e9f1c03d8b747a86ebf32","route":"lo
    gin","flow":"QUERY","state":"RESPONSE","flag":"NULL","ljump":2,"rjump":2,"record
    _type":"USER_DEFINE","record_subtype":"RETURN","record_num":1,"record_size":0,"e
    xpand_num":0,"expand_size":0,"msg_uuid":"5420867dae2caedcf6c76a7db58a7567ce0de3a
    03b94d200277f88b915b415a6"},
"RECORD":[
    {"return_code":"SUCCEED","return_info":"login succeed!
"}
    ],
"EXPAND" :[]
}

************************************************************
{
 "HEAD":{"tag":"MESG","version":65537,"sender_uuid":"","receiver_uuid":"user_lab
    el","route":"addr_init","flow":"DELIVER","state":"MATCH","flag":"LOCAL","ljump":
    1,"rjump":1,"record_type":"MESSAGE","record_subtype":"CONN_ACKI","record_num":1,
    "record_size":147,"expand_num":0,"expand_size":0,"msg_uuid":"5d661b4c1da06d20c22
    616bd447955049e3627a19a66ed9cdf0177c8307b843b"},
"RECORD":[
    {"uuid":"4e001bbf5c16bf5cc1d31429472e82ff7868916d2fd41fe142e57a420e7b103f","clie
        nt_name":"user1","client_proc":"user1","client_addr":"unknown addr","server_uuid
        ":"4e001bbf5c16bf5cc1d31429472e82ff7868916d2fd41fe142e57a420e7b103f","server_nam
        e":"server","service":"trust_server","server_addr":"€","flags":0,"nonce":""}
    ],
"EXPAND" :[]
}

************************************************************
{
 "HEAD":{"tag":"MESG","version":65537,"sender_uuid":"user_label","receiver_uuid"
    :"","route":"addr_init","flow":"DELIVER","state":"MATCH","flag":"LOCAL","ljump":
    2,"rjump":1,"record_type":"MESSAGE","record_subtype":"CONN_ACKI","record_num":1,
    "record_size":147,"expand_num":0,"expand_size":0,"msg_uuid":"5d661b4c1da06d20c22
    616bd447955049e3627a19a66ed9cdf0177c8307b843b"},
"RECORD":[
    {"uuid":"4e001bbf5c16bf5cc1d31429472e82ff7868916d2fd41fe142e57a420e7b103f","clie
        nt_name":"user1","client_proc":"user1","client_addr":"unknown addr","server_uuid
        ":"4e001bbf5c16bf5cc1d31429472e82ff7868916d2fd41fe142e57a420e7b103f","server_nam
        e":"server","service":"trust_server","server_addr":"€","flags":0,"nonce":""}
    ],
"EXPAND" :[]
}

************************************************************
{
 "HEAD":{"tag":"MESG","version":65537,"sender_uuid":"7152e653515e80a87b61d56ca1f
    91e49f6c2924507a08da5e3facc7569a286ec","receiver_uuid":"user_server","route":"lo
    gin","flow":"QUERY","state":"MATCH","flag":"LOCAL","ljump":1,"rjump":2,"record_t
    ype":"USER_DEFINE","record_subtype":"LOGIN","record_num":1,"record_size":104,"ex
    pand_num":0,"expand_size":0,"msg_uuid":"2756ddbf89126abf55efabd7006191f62d6d67fd
    c35ffe8375df05f5763f95ae"},
"RECORD":[
    {"user_name":"zhanlao","passwd":"123","proc_name":"","machine_uuid":""}
    ],
"EXPAND" :[]
}

************************************************************
{
 "HEAD":{"tag":"MESG","version":65537,"sender_uuid":"7152e653515e80a87b61d56ca1f
    91e49f6c2924507a08da5e3facc7569a286ec","receiver_uuid":"user_label","route":"add
    r_label","flow":"QUERY","state":"MATCH","flag":"LOCAL","ljump":1,"rjump":1,"reco
    rd_type":"USER_DEFINE","record_subtype":"LOGIN","record_num":1,"record_size":104
    ,"expand_num":0,"expand_size":0,"msg_uuid":"da1a118027b68a1ba4404a7adec1abf72c09
    6295da59ea16f3f30838077085af"},
"RECORD":[
    {"user_name":"zhanlao","passwd":"123","proc_name":"","machine_uuid":""}
    ],
"EXPAND" :[]
}

************************************************************
{
 "HEAD":{"tag":"MESG","version":65537,"sender_uuid":"7152e653515e80a87b61d56ca1f
    91e49f6c2924507a08da5e3facc7569a286ec","receiver_uuid":"user_server","route":"lo
    gin","flow":"QUERY","state":"MATCH","flag":"LOCAL","ljump":1,"rjump":2,"record_t
    ype":"USER_DEFINE","record_subtype":"LOGIN","record_num":1,"record_size":104,"ex
    pand_num":1,"expand_size":0,"msg_uuid":"2756ddbf89126abf55efabd7006191f62d6d67fd
    c35ffe8375df05f5763f95ae"},
"RECORD":[
    {"user_name":"zhanlao","passwd":"123","proc_name":"","machine_uuid":""}
    ],
"EXPAND" :[
    {"data_size":0,"type":"LABEL_DEFINE","subtype":"ADDR","expand":
        {"node_uuid":"4e001bbf5c16bf5cc1d31429472e82ff7868916d2fd41fe142e57a420e7b103f",
            "proc_name":"user1","user_name":"zhanlao","role":"NULL"}
        }
    ]
}

************************************************************
{
 "HEAD":{"tag":"MESG","version":65537,"sender_uuid":"user_server","receiver_uuid
    ":"7152e653515e80a87b61d56ca1f91e49f6c2924507a08da5e3facc7569a286ec","route":"lo
    gin","flow":"QUERY","state":"RESPONSE","flag":"NULL","ljump":2,"rjump":2,"record
    _type":"USER_DEFINE","record_subtype":"RETURN","record_num":1,"record_size":0,"e
    xpand_num":1,"expand_size":0,"msg_uuid":"2756ddbf89126abf55efabd7006191f62d6d67f
    dc35ffe8375df05f5763f95ae"},
"RECORD":[
    {"return_code":"SUCCEED","return_info":"login succeed!
"}
    ],
"EXPAND" :[
    {"data_size":0,"type":"LABEL_DEFINE","subtype":"ADDR","expand":
        {"node_uuid":"4e001bbf5c16bf5cc1d31429472e82ff7868916d2fd41fe142e57a420e7b103f",
            "proc_name":"user1","user_name":"zhanlao","role":"NULL"}
        }
    ]
}

************************************************************
{
 "HEAD":{"tag":"MESG","version":65537,"sender_uuid":"user_server","receiver_uuid
    ":"user_label","route":"addr_verify","flow":"QUERY","state":"MATCH","flag":"LOCA
    L","ljump":1,"rjump":1,"record_type":"USER_DEFINE","record_subtype":"RETURN","re
    cord_num":1,"record_size":0,"expand_num":1,"expand_size":0,"msg_uuid":"2a1e780d0
    b728a51a14c48c6112a57f1e3095bc50be66a6287ca0e34305ec992"},
"RECORD":[
    {"return_code":"SUCCEED","return_info":"login succeed!
"}
    ],
"EXPAND" :[
    {"data_size":0,"type":"LABEL_DEFINE","subtype":"ADDR","expand":
        {"node_uuid":"4e001bbf5c16bf5cc1d31429472e82ff7868916d2fd41fe142e57a420e7b103f",
            "proc_name":"user1","user_name":"zhanlao","role":"NULL"}
        }
    ]
}

************************************************************
{
 "HEAD":{"tag":"MESG","version":65537,"sender_uuid":"user_server","receiver_uuid
    ":"7152e653515e80a87b61d56ca1f91e49f6c2924507a08da5e3facc7569a286ec","route":"lo
    gin","flow":"QUERY","state":"RESPONSE","flag":"NULL","ljump":2,"rjump":2,"record
    _type":"USER_DEFINE","record_subtype":"RETURN","record_num":1,"record_size":0,"e
    xpand_num":0,"expand_size":0,"msg_uuid":"2756ddbf89126abf55efabd7006191f62d6d67f
    dc35ffe8375df05f5763f95ae"},
"RECORD":[
    {"return_code":"SUCCEED","return_info":"login succeed!
"}
    ],
"EXPAND" :[]
}

************************************************************
{
 "HEAD":{"tag":"MESG","version":65537,"sender_uuid":"","receiver_uuid":"user_lab
    el","route":"addr_init","flow":"DELIVER","state":"MATCH","flag":"LOCAL","ljump":
    1,"rjump":1,"record_type":"MESSAGE","record_subtype":"CONN_ACKI","record_num":1,
    "record_size":147,"expand_num":0,"expand_size":0,"msg_uuid":"cc8ac4d76325bd1ab35
    e8fae276f303195e1b87274e5ad21b96caf18b4406c75"},
"RECORD":[
    {"uuid":"4e001bbf5c16bf5cc1d31429472e82ff7868916d2fd41fe142e57a420e7b103f","clie
        nt_name":"user2","client_proc":"user2","client_addr":"unknown addr","server_uuid
        ":"4e001bbf5c16bf5cc1d31429472e82ff7868916d2fd41fe142e57a420e7b103f","server_nam
        e":"server","service":"trust_server","server_addr":"€","flags":0,"nonce":""}
    ],
"EXPAND" :[]
}

************************************************************
{
 "HEAD":{"tag":"MESG","version":65537,"sender_uuid":"user_label","receiver_uuid"
    :"","route":"addr_init","flow":"DELIVER","state":"MATCH","flag":"LOCAL","ljump":
    2,"rjump":1,"record_type":"MESSAGE","record_subtype":"CONN_ACKI","record_num":1,
    "record_size":147,"expand_num":0,"expand_size":0,"msg_uuid":"cc8ac4d76325bd1ab35
    e8fae276f303195e1b87274e5ad21b96caf18b4406c75"},
"RECORD":[
    {"uuid":"4e001bbf5c16bf5cc1d31429472e82ff7868916d2fd41fe142e57a420e7b103f","clie
        nt_name":"user2","client_proc":"user2","client_addr":"unknown addr","server_uuid
        ":"4e001bbf5c16bf5cc1d31429472e82ff7868916d2fd41fe142e57a420e7b103f","server_nam
        e":"server","service":"trust_server","server_addr":"€","flags":0,"nonce":""}
    ],
"EXPAND" :[]
}

************************************************************
{
 "HEAD":{"tag":"MESG","version":65537,"sender_uuid":"7152e653515e80a87b61d56ca1f
    91e49f6c2924507a08da5e3facc7569a286ec","receiver_uuid":"record_server","route":"
    record","flow":"QUERY","state":"MATCH","flag":"LOCAL","ljump":1,"rjump":2,"recor
    d_type":"RECORD_DEFINE","record_subtype":"WRITE","record_num":1,"record_size":18
    ,"expand_num":0,"expand_size":0,"msg_uuid":"f2f2de81dc88204035d38af190a14690b4f2
    11e0b6a6bea2644932280ad24d67"},
"RECORD":[
    {"record_no":"001","segment":"number_info","text":"1"}
    ],
"EXPAND" :[]
}

************************************************************
{
 "HEAD":{"tag":"MESG","version":65537,"sender_uuid":"7152e653515e80a87b61d56ca1f
    91e49f6c2924507a08da5e3facc7569a286ec","receiver_uuid":"user_label","route":"wri
    te_access","flow":"QUERY","state":"MATCH","flag":"LOCAL","ljump":1,"rjump":1,"re
    cord_type":"RECORD_DEFINE","record_subtype":"WRITE","record_num":1,"record_size"
    :18,"expand_num":0,"expand_size":0,"msg_uuid":"d8b629dc57287be213da7392949f2d47e
    78dde30eee454dafc320083e2a3ea3d"},
"RECORD":[
    {"record_no":"001","segment":"number_info","text":"1"}
    ],
"EXPAND" :[]
}

************************************************************
{
 "HEAD":{"tag":"MESG","version":65537,"sender_uuid":"user_label","receiver_uuid"
    :"record_acl","route":"write_access","flow":"QUERY","state":"MATCH","flag":"LOCA
    L","ljump":2,"rjump":1,"record_type":"RECORD_DEFINE","record_subtype":"WRITE","r
    ecord_num":1,"record_size":18,"expand_num":1,"expand_size":0,"msg_uuid":"d8b629d
    c57287be213da7392949f2d47e78dde30eee454dafc320083e2a3ea3d"},
"RECORD":[
    {"record_no":"001","segment":"number_info","text":"1"}
    ],
"EXPAND" :[
    {"data_size":0,"type":"LABEL_DEFINE","subtype":"USER","expand":
        {"user_name":"zhanlao","role":"NULL"}
        }
    ]
}

************************************************************
{
 "HEAD":{"tag":"MESG","version":65537,"sender_uuid":"24ff54dc644294d6af77812cf14
    5650d0f5d7e2d0d88b20a9e18b91845a7b51b","receiver_uuid":"user_server","route":"lo
    gin","flow":"QUERY","state":"MATCH","flag":"LOCAL","ljump":1,"rjump":2,"record_t
    ype":"USER_DEFINE","record_subtype":"LOGIN","record_num":1,"record_size":103,"ex
    pand_num":0,"expand_size":0,"msg_uuid":"969dea915b0ba4a73e6d0f0619e43c4d4eae1d79
    3ba6b02cd549f7d5ef8d37d0"},
"RECORD":[
    {"user_name":"zhaowe","passwd":"123","proc_name":"","machine_uuid":""}
    ],
"EXPAND" :[]
}

************************************************************
{
 "HEAD":{"tag":"MESG","version":65537,"sender_uuid":"7152e653515e80a87b61d56ca1f
    91e49f6c2924507a08da5e3facc7569a286ec","receiver_uuid":"record_server","route":"
    record","flow":"QUERY","state":"MATCH","flag":"LOCAL","ljump":1,"rjump":2,"recor
    d_type":"RECORD_DEFINE","record_subtype":"WRITE","record_num":1,"record_size":18
    ,"expand_num":0,"expand_size":0,"msg_uuid":"f2f2de81dc88204035d38af190a14690b4f2
    11e0b6a6bea2644932280ad24d67"},
"RECORD":[
    {"record_no":"001","segment":"number_info","text":"1"}
    ],
"EXPAND" :[]
}

************************************************************
{
 "HEAD":{"tag":"MESG","version":65537,"sender_uuid":"24ff54dc644294d6af77812cf14
    5650d0f5d7e2d0d88b20a9e18b91845a7b51b","receiver_uuid":"user_label","route":"add
    r_label","flow":"QUERY","state":"MATCH","flag":"LOCAL","ljump":1,"rjump":1,"reco
    rd_type":"USER_DEFINE","record_subtype":"LOGIN","record_num":1,"record_size":103
    ,"expand_num":0,"expand_size":0,"msg_uuid":"2685b077c555a2fdbdf329d010053b5b4a62
    7da96086f6f07f632eca3d0df9ce"},
"RECORD":[
    {"user_name":"zhaowe","passwd":"123","proc_name":"","machine_uuid":""}
    ],
"EXPAND" :[]
}

************************************************************
{
 "HEAD":{"tag":"MESG","version":65537,"sender_uuid":"record_server","receiver_uu
    id":"7152e653515e80a87b61d56ca1f91e49f6c2924507a08da5e3facc7569a286ec","route":"
    record","flow":"QUERY","state":"RESPONSE","flag":"NULL","ljump":2,"rjump":2,"rec
    ord_type":"USER_DEFINE","record_subtype":"RETURN","record_num":1,"record_size":0
    ,"expand_num":0,"expand_size":0,"msg_uuid":"f2f2de81dc88204035d38af190a14690b4f2
    11e0b6a6bea2644932280ad24d67"},
"RECORD":[
    {"return_code":"SUCCEED","return_info":"write data succeed!
"}
    ],
"EXPAND" :[]
}

************************************************************
{
 "HEAD":{"tag":"MESG","version":65537,"sender_uuid":"24ff54dc644294d6af77812cf14
    5650d0f5d7e2d0d88b20a9e18b91845a7b51b","receiver_uuid":"user_server","route":"lo
    gin","flow":"QUERY","state":"MATCH","flag":"LOCAL","ljump":1,"rjump":2,"record_t
    ype":"USER_DEFINE","record_subtype":"LOGIN","record_num":1,"record_size":103,"ex
    pand_num":1,"expand_size":0,"msg_uuid":"969dea915b0ba4a73e6d0f0619e43c4d4eae1d79
    3ba6b02cd549f7d5ef8d37d0"},
"RECORD":[
    {"user_name":"zhaowe","passwd":"123","proc_name":"","machine_uuid":""}
    ],
"EXPAND" :[
    {"data_size":0,"type":"LABEL_DEFINE","subtype":"ADDR","expand":
        {"node_uuid":"4e001bbf5c16bf5cc1d31429472e82ff7868916d2fd41fe142e57a420e7b103f",
            "proc_name":"user2","user_name":"zhaowe","role":"NULL"}
        }
    ]
}

************************************************************
{
 "HEAD":{"tag":"MESG","version":65537,"sender_uuid":"user_server","receiver_uuid
    ":"24ff54dc644294d6af77812cf145650d0f5d7e2d0d88b20a9e18b91845a7b51b","route":"lo
    gin","flow":"QUERY","state":"RESPONSE","flag":"NULL","ljump":2,"rjump":2,"record
    _type":"USER_DEFINE","record_subtype":"RETURN","record_num":1,"record_size":0,"e
    xpand_num":1,"expand_size":0,"msg_uuid":"969dea915b0ba4a73e6d0f0619e43c4d4eae1d7
    93ba6b02cd549f7d5ef8d37d0"},
"RECORD":[
    {"return_code":"SUCCEED","return_info":"login succeed!
"}
    ],
"EXPAND" :[
    {"data_size":0,"type":"LABEL_DEFINE","subtype":"ADDR","expand":
        {"node_uuid":"4e001bbf5c16bf5cc1d31429472e82ff7868916d2fd41fe142e57a420e7b103f",
            "proc_name":"user2","user_name":"zhaowe","role":"NULL"}
        }
    ]
}

************************************************************
{
 "HEAD":{"tag":"MESG","version":65537,"sender_uuid":"user_server","receiver_uuid
    ":"user_label","route":"addr_verify","flow":"QUERY","state":"MATCH","flag":"LOCA
    L","ljump":1,"rjump":1,"record_type":"USER_DEFINE","record_subtype":"RETURN","re
    cord_num":1,"record_size":0,"expand_num":1,"expand_size":0,"msg_uuid":"1506d29af
    4656db84edc36f85f5973d5d5df1950ff85866f10149339aa32996c"},
"RECORD":[
    {"return_code":"SUCCEED","return_info":"login succeed!
"}
    ],
"EXPAND" :[
    {"data_size":0,"type":"LABEL_DEFINE","subtype":"ADDR","expand":
        {"node_uuid":"4e001bbf5c16bf5cc1d31429472e82ff7868916d2fd41fe142e57a420e7b103f",
            "proc_name":"user2","user_name":"zhaowe","role":"NULL"}
        }
    ]
}

************************************************************
{
 "HEAD":{"tag":"MESG","version":65537,"sender_uuid":"user_server","receiver_uuid
    ":"24ff54dc644294d6af77812cf145650d0f5d7e2d0d88b20a9e18b91845a7b51b","route":"lo
    gin","flow":"QUERY","state":"RESPONSE","flag":"NULL","ljump":2,"rjump":2,"record
    _type":"USER_DEFINE","record_subtype":"RETURN","record_num":1,"record_size":0,"e
    xpand_num":0,"expand_size":0,"msg_uuid":"969dea915b0ba4a73e6d0f0619e43c4d4eae1d7
    93ba6b02cd549f7d5ef8d37d0"},
"RECORD":[
    {"return_code":"SUCCEED","return_info":"login succeed!
"}
    ],
"EXPAND" :[]
}

************************************************************
{
 "HEAD":{"tag":"MESG","version":65537,"sender_uuid":"4f62ec2789bd42b913335c3ef15
    587df98ec3d070d5e9f1c03d8b747a86ebf32","receiver_uuid":"record_server","route":"
    record","flow":"QUERY","state":"MATCH","flag":"LOCAL","ljump":1,"rjump":2,"recor
    d_type":"RECORD_DEFINE","record_subtype":"WRITE","record_num":1,"record_size":22
    ,"expand_num":0,"expand_size":0,"msg_uuid":"3f644c5468dfce50a65ca7770d0882d0d0d9
    8095d1db0354742d471af354e408"},
"RECORD":[
    {"record_no":"001","segment":"delivery_info","text":"yes"}
    ],
"EXPAND" :[]
}

************************************************************
{
 "HEAD":{"tag":"MESG","version":65537,"sender_uuid":"4f62ec2789bd42b913335c3ef15
    587df98ec3d070d5e9f1c03d8b747a86ebf32","receiver_uuid":"user_label","route":"wri
    te_access","flow":"QUERY","state":"MATCH","flag":"LOCAL","ljump":1,"rjump":1,"re
    cord_type":"RECORD_DEFINE","record_subtype":"WRITE","record_num":1,"record_size"
    :22,"expand_num":0,"expand_size":0,"msg_uuid":"20eb09c7a1166e31a928c59b1d55f572e
    97484df6c0e0cd308c830c66ed375b2"},
"RECORD":[
    {"record_no":"001","segment":"delivery_info","text":"yes"}
    ],
"EXPAND" :[]
}

************************************************************
{
 "HEAD":{"tag":"MESG","version":65537,"sender_uuid":"user_label","receiver_uuid"
    :"record_acl","route":"write_access","flow":"QUERY","state":"MATCH","flag":"LOCA
    L","ljump":2,"rjump":1,"record_type":"RECORD_DEFINE","record_subtype":"WRITE","r
    ecord_num":1,"record_size":22,"expand_num":1,"expand_size":0,"msg_uuid":"20eb09c
    7a1166e31a928c59b1d55f572e97484df6c0e0cd308c830c66ed375b2"},
"RECORD":[
    {"record_no":"001","segment":"delivery_info","text":"yes"}
    ],
"EXPAND" :[
    {"data_size":0,"type":"LABEL_DEFINE","subtype":"USER","expand":
        {"user_name":"zhanle","role":"NULL"}
        }
    ]
}

************************************************************
{
 "HEAD":{"tag":"MESG","version":65537,"sender_uuid":"4f62ec2789bd42b913335c3ef15
    587df98ec3d070d5e9f1c03d8b747a86ebf32","receiver_uuid":"record_server","route":"
    record","flow":"QUERY","state":"MATCH","flag":"LOCAL","ljump":1,"rjump":2,"recor
    d_type":"RECORD_DEFINE","record_subtype":"WRITE","record_num":1,"record_size":22
    ,"expand_num":0,"expand_size":0,"msg_uuid":"3f644c5468dfce50a65ca7770d0882d0d0d9
    8095d1db0354742d471af354e408"},
"RECORD":[
    {"record_no":"001","segment":"delivery_info","text":"yes"}
    ],
"EXPAND" :[]
}

************************************************************
{
 "HEAD":{"tag":"MESG","version":65537,"sender_uuid":"record_server","receiver_uu
    id":"4f62ec2789bd42b913335c3ef15587df98ec3d070d5e9f1c03d8b747a86ebf32","route":"
    record","flow":"QUERY","state":"RESPONSE","flag":"NULL","ljump":2,"rjump":2,"rec
    ord_type":"USER_DEFINE","record_subtype":"RETURN","record_num":1,"record_size":0
    ,"expand_num":0,"expand_size":0,"msg_uuid":"3f644c5468dfce50a65ca7770d0882d0d0d9
    8095d1db0354742d471af354e408"},
"RECORD":[
    {"return_code":"SUCCEED","return_info":"write data succeed!
"}
    ],
"EXPAND" :[]
}

************************************************************
{
 "HEAD":{"tag":"MESG","version":65537,"sender_uuid":"7152e653515e80a87b61d56ca1f
    91e49f6c2924507a08da5e3facc7569a286ec","receiver_uuid":"record_server","route":"
    record","flow":"QUERY","state":"MATCH","flag":"LOCAL","ljump":1,"rjump":2,"recor
    d_type":"RECORD_DEFINE","record_subtype":"WRITE","record_num":1,"record_size":23
    ,"expand_num":0,"expand_size":0,"msg_uuid":"2d1cdcfef3aa76b0e9ccaedb8330da3cb215
    3e236cf9f8baa0cb9e286e43deac"},
"RECORD":[
    {"record_no":"001","segment":"evaluate_info","text":"good"}
    ],
"EXPAND" :[]
}

************************************************************
{
 "HEAD":{"tag":"MESG","version":65537,"sender_uuid":"7152e653515e80a87b61d56ca1f
    91e49f6c2924507a08da5e3facc7569a286ec","receiver_uuid":"user_label","route":"wri
    te_access","flow":"QUERY","state":"MATCH","flag":"LOCAL","ljump":1,"rjump":1,"re
    cord_type":"RECORD_DEFINE","record_subtype":"WRITE","record_num":1,"record_size"
    :23,"expand_num":0,"expand_size":0,"msg_uuid":"59a376678822f4cebb6a3b104edf5dff5
    64c53486a01665a86cbc42c2407f34b"},
"RECORD":[
    {"record_no":"001","segment":"evaluate_info","text":"good"}
    ],
"EXPAND" :[]
}

************************************************************
{
 "HEAD":{"tag":"MESG","version":65537,"sender_uuid":"user_label","receiver_uuid"
    :"record_acl","route":"write_access","flow":"QUERY","state":"MATCH","flag":"LOCA
    L","ljump":2,"rjump":1,"record_type":"RECORD_DEFINE","record_subtype":"WRITE","r
    ecord_num":1,"record_size":23,"expand_num":1,"expand_size":0,"msg_uuid":"59a3766
    78822f4cebb6a3b104edf5dff564c53486a01665a86cbc42c2407f34b"},
"RECORD":[
    {"record_no":"001","segment":"evaluate_info","text":"good"}
    ],
"EXPAND" :[
    {"data_size":0,"type":"LABEL_DEFINE","subtype":"USER","expand":
        {"user_name":"zhanlao","role":"NULL"}
        }
    ]
}

************************************************************
{
 "HEAD":{"tag":"MESG","version":65537,"sender_uuid":"7152e653515e80a87b61d56ca1f
    91e49f6c2924507a08da5e3facc7569a286ec","receiver_uuid":"record_server","route":"
    record","flow":"QUERY","state":"MATCH","flag":"LOCAL","ljump":1,"rjump":2,"recor
    d_type":"RECORD_DEFINE","record_subtype":"WRITE","record_num":1,"record_size":23
    ,"expand_num":0,"expand_size":0,"msg_uuid":"2d1cdcfef3aa76b0e9ccaedb8330da3cb215
    3e236cf9f8baa0cb9e286e43deac"},
"RECORD":[
    {"record_no":"001","segment":"evaluate_info","text":"good"}
    ],
"EXPAND" :[]
}

************************************************************
{
 "HEAD":{"tag":"MESG","version":65537,"sender_uuid":"record_server","receiver_uu
    id":"7152e653515e80a87b61d56ca1f91e49f6c2924507a08da5e3facc7569a286ec","route":"
    record","flow":"QUERY","state":"RESPONSE","flag":"NULL","ljump":2,"rjump":2,"rec
    ord_type":"USER_DEFINE","record_subtype":"RETURN","record_num":1,"record_size":0
    ,"expand_num":0,"expand_size":0,"msg_uuid":"2d1cdcfef3aa76b0e9ccaedb8330da3cb215
    3e236cf9f8baa0cb9e286e43deac"},
"RECORD":[
    {"return_code":"SUCCEED","return_info":"write data succeed!
"}
    ],
"EXPAND" :[]
}

************************************************************
{
 "HEAD":{"tag":"MESG","version":65537,"sender_uuid":"7152e653515e80a87b61d56ca1f
    91e49f6c2924507a08da5e3facc7569a286ec","receiver_uuid":"record_server","route":"
    record","flow":"QUERY","state":"MATCH","flag":"LOCAL","ljump":1,"rjump":2,"recor
    d_type":"RECORD_DEFINE","record_subtype":"READ","record_num":1,"record_size":4,"
    expand_num":0,"expand_size":0,"msg_uuid":"e65c1d8da3b542b203936f33716d3e3fe9d4ca
    3f9370b34f2604d6cd9e8a5e3b"},
"RECORD":[
    {"record_no":"001"}
    ],
"EXPAND" :[]
}

************************************************************
{
 "HEAD":{"tag":"MESG","version":65537,"sender_uuid":"7152e653515e80a87b61d56ca1f
    91e49f6c2924507a08da5e3facc7569a286ec","receiver_uuid":"user_label","route":"lab
    el_read","flow":"QUERY","state":"MATCH","flag":"LOCAL","ljump":1,"rjump":1,"reco
    rd_type":"RECORD_DEFINE","record_subtype":"READ","record_num":1,"record_size":4,
    "expand_num":0,"expand_size":0,"msg_uuid":"dc1cce62822a612ac2e487acdff2a97b5b8b6
    ddde9e8d8f78a7e637bf8cfbc2d"},
"RECORD":[
    {"record_no":"001"}
    ],
"EXPAND" :[]
}

************************************************************
{
 "HEAD":{"tag":"MESG","version":65537,"sender_uuid":"7152e653515e80a87b61d56ca1f
    91e49f6c2924507a08da5e3facc7569a286ec","receiver_uuid":"record_server","route":"
    record","flow":"QUERY","state":"MATCH","flag":"LOCAL","ljump":1,"rjump":2,"recor
    d_type":"RECORD_DEFINE","record_subtype":"READ","record_num":1,"record_size":4,"
    expand_num":1,"expand_size":0,"msg_uuid":"e65c1d8da3b542b203936f33716d3e3fe9d4ca
    3f9370b34f2604d6cd9e8a5e3b"},
"RECORD":[
    {"record_no":"001"}
    ],
"EXPAND" :[
    {"data_size":0,"type":"LABEL_DEFINE","subtype":"USER","expand":
        {"user_name":"zhanlao","role":"NULL"}
        }
    ]
}

************************************************************
{
 "HEAD":{"tag":"MESG","version":65537,"sender_uuid":"24ff54dc644294d6af77812cf14
    5650d0f5d7e2d0d88b20a9e18b91845a7b51b","receiver_uuid":"record_server","route":"
    record","flow":"QUERY","state":"MATCH","flag":"LOCAL","ljump":1,"rjump":2,"recor
    d_type":"RECORD_DEFINE","record_subtype":"WRITE","record_num":1,"record_size":21
    ,"expand_num":0,"expand_size":0,"msg_uuid":"7787b1b57b067e3b80189a20466a0edf0545
    ce6c643f382164e40306b6c090e1"},
"RECORD":[
    {"record_no":"001","segment":"drawback_info","text":"NO"}
    ],
"EXPAND" :[]
}

************************************************************
{
 "HEAD":{"tag":"MESG","version":65537,"sender_uuid":"record_server","receiver_uu
    id":"7152e653515e80a87b61d56ca1f91e49f6c2924507a08da5e3facc7569a286ec","route":"
    record","flow":"QUERY","state":"RESPONSE","flag":"NULL","ljump":2,"rjump":2,"rec
    ord_type":"RECORD_DEFINE","record_subtype":"RECORD","record_num":1,"record_size"
    :0,"expand_num":1,"expand_size":0,"msg_uuid":"e65c1d8da3b542b203936f33716d3e3fe9
    d4ca3f9370b34f2604d6cd9e8a5e3b"},
"RECORD":[
    {"record_no":"001","commodity_news":"","number_info":"1","commodity_prices":"","
        address_info":"","payment_info":"","application_for_drawback_info":"","drawback_
        info":"","a_return_request_info":"","return_info":"","delivery_info":"yes","take
        _delivery_info":"","complete_info":"","evaluate_info":"good"}
    ],
"EXPAND" :[
    {"data_size":0,"type":"LABEL_DEFINE","subtype":"USER","expand":
        {"user_name":"zhanlao","role":"NULL"}
        }
    ]
}

************************************************************
{
 "HEAD":{"tag":"MESG","version":65537,"sender_uuid":"24ff54dc644294d6af77812cf14
    5650d0f5d7e2d0d88b20a9e18b91845a7b51b","receiver_uuid":"user_label","route":"wri
    te_access","flow":"QUERY","state":"MATCH","flag":"LOCAL","ljump":1,"rjump":1,"re
    cord_type":"RECORD_DEFINE","record_subtype":"WRITE","record_num":1,"record_size"
    :21,"expand_num":0,"expand_size":0,"msg_uuid":"ba5537a5a60c654a6a71dca588c84c209
    17a4288e9f58a24224240186d7f8c63"},
"RECORD":[
    {"record_no":"001","segment":"drawback_info","text":"NO"}
    ],
"EXPAND" :[]
}

************************************************************
{
 "HEAD":{"tag":"MESG","version":65537,"sender_uuid":"record_server","receiver_uu
    id":"record_acl","route":"read_access","flow":"QUERY","state":"MATCH","flag":"LO
    CAL","ljump":1,"rjump":1,"record_type":"RECORD_DEFINE","record_subtype":"RECORD"
    ,"record_num":1,"record_size":0,"expand_num":1,"expand_size":0,"msg_uuid":"0fa89
    bcd4700817cc9cb3c98884e4702a774a82c7ae39bc4b20f4a5bd19c35af"},
"RECORD":[
    {"record_no":"001","commodity_news":"","number_info":"1","commodity_prices":"","
        address_info":"","payment_info":"","application_for_drawback_info":"","drawback_
        info":"","a_return_request_info":"","return_info":"","delivery_info":"yes","take
        _delivery_info":"","complete_info":"","evaluate_info":"good"}
    ],
"EXPAND" :[
    {"data_size":0,"type":"LABEL_DEFINE","subtype":"USER","expand":
        {"user_name":"zhanlao","role":"NULL"}
        }
    ]
}

************************************************************
{
 "HEAD":{"tag":"MESG","version":65537,"sender_uuid":"user_label","receiver_uuid"
    :"record_acl","route":"write_access","flow":"QUERY","state":"MATCH","flag":"LOCA
    L","ljump":2,"rjump":1,"record_type":"RECORD_DEFINE","record_subtype":"WRITE","r
    ecord_num":1,"record_size":21,"expand_num":1,"expand_size":0,"msg_uuid":"ba5537a
    5a60c654a6a71dca588c84c20917a4288e9f58a24224240186d7f8c63"},
"RECORD":[
    {"record_no":"001","segment":"drawback_info","text":"NO"}
    ],
"EXPAND" :[
    {"data_size":0,"type":"LABEL_DEFINE","subtype":"USER","expand":
        {"user_name":"zhaowe","role":"NULL"}
        }
    ]
}

************************************************************
{
 "HEAD":{"tag":"MESG","version":65537,"sender_uuid":"record_server","receiver_uu
    id":"7152e653515e80a87b61d56ca1f91e49f6c2924507a08da5e3facc7569a286ec","route":"
    record","flow":"QUERY","state":"RESPONSE","flag":"NULL","ljump":2,"rjump":2,"rec
    ord_type":"RECORD_DEFINE","record_subtype":"RECORD","record_num":1,"record_size"
    :0,"expand_num":0,"expand_size":0,"msg_uuid":"e65c1d8da3b542b203936f33716d3e3fe9
    d4ca3f9370b34f2604d6cd9e8a5e3b"},
"RECORD":[
    {"record_no":"001","commodity_news":"","number_info":"1","commodity_prices":"","
        address_info":"","payment_info":"","application_for_drawback_info":"","drawback_
        info":"","a_return_request_info":"","return_info":"","delivery_info":"yes","take
        _delivery_info":"","complete_info":"","evaluate_info":"good"}
    ],
"EXPAND" :[]
}

************************************************************
{
 "HEAD":{"tag":"MESG","version":65537,"sender_uuid":"24ff54dc644294d6af77812cf14
    5650d0f5d7e2d0d88b20a9e18b91845a7b51b","receiver_uuid":"record_server","route":"
    record","flow":"QUERY","state":"MATCH","flag":"LOCAL","ljump":1,"rjump":2,"recor
    d_type":"RECORD_DEFINE","record_subtype":"WRITE","record_num":1,"record_size":21
    ,"expand_num":0,"expand_size":0,"msg_uuid":"7787b1b57b067e3b80189a20466a0edf0545
    ce6c643f382164e40306b6c090e1"},
"RECORD":[
    {"record_no":"001","segment":"drawback_info","text":"NO"}
    ],
"EXPAND" :[]
}

************************************************************
{
 "HEAD":{"tag":"MESG","version":65537,"sender_uuid":"record_server","receiver_uu
    id":"24ff54dc644294d6af77812cf145650d0f5d7e2d0d88b20a9e18b91845a7b51b","route":"
    record","flow":"QUERY","state":"RESPONSE","flag":"NULL","ljump":2,"rjump":2,"rec
    ord_type":"USER_DEFINE","record_subtype":"RETURN","record_num":1,"record_size":0
    ,"expand_num":0,"expand_size":0,"msg_uuid":"7787b1b57b067e3b80189a20466a0edf0545
    ce6c643f382164e40306b6c090e1"},
"RECORD":[
    {"return_code":"SUCCEED","return_info":"write data succeed!
"}
    ],
"EXPAND" :[]
}

************************************************************
{
 "HEAD":{"tag":"MESG","version":65537,"sender_uuid":"4f62ec2789bd42b913335c3ef15
    587df98ec3d070d5e9f1c03d8b747a86ebf32","receiver_uuid":"record_server","route":"
    record","flow":"QUERY","state":"MATCH","flag":"LOCAL","ljump":1,"rjump":2,"recor
    d_type":"RECORD_DEFINE","record_subtype":"READ","record_num":1,"record_size":4,"
    expand_num":0,"expand_size":0,"msg_uuid":"a871d3f8b083e2b08fa7584b3b234b6488f327
    c82612c50b90173b46ac965482"},
"RECORD":[
    {"record_no":"001"}
    ],
"EXPAND" :[]
}

************************************************************
{
 "HEAD":{"tag":"MESG","version":65537,"sender_uuid":"4f62ec2789bd42b913335c3ef15
    587df98ec3d070d5e9f1c03d8b747a86ebf32","receiver_uuid":"user_label","route":"lab
    el_read","flow":"QUERY","state":"MATCH","flag":"LOCAL","ljump":1,"rjump":1,"reco
    rd_type":"RECORD_DEFINE","record_subtype":"READ","record_num":1,"record_size":4,
    "expand_num":0,"expand_size":0,"msg_uuid":"a2c339a6141d78da655931017e933289d3333
    4538ae89bf3e0f5e47f4418e786"},
"RECORD":[
    {"record_no":"001"}
    ],
"EXPAND" :[]
}

************************************************************
{
 "HEAD":{"tag":"MESG","version":65537,"sender_uuid":"4f62ec2789bd42b913335c3ef15
    587df98ec3d070d5e9f1c03d8b747a86ebf32","receiver_uuid":"record_server","route":"
    record","flow":"QUERY","state":"MATCH","flag":"LOCAL","ljump":1,"rjump":2,"recor
    d_type":"RECORD_DEFINE","record_subtype":"READ","record_num":1,"record_size":4,"
    expand_num":1,"expand_size":0,"msg_uuid":"a871d3f8b083e2b08fa7584b3b234b6488f327
    c82612c50b90173b46ac965482"},
"RECORD":[
    {"record_no":"001"}
    ],
"EXPAND" :[
    {"data_size":0,"type":"LABEL_DEFINE","subtype":"USER","expand":
        {"user_name":"zhanle","role":"NULL"}
        }
    ]
}

************************************************************
{
 "HEAD":{"tag":"MESG","version":65537,"sender_uuid":"record_server","receiver_uu
    id":"4f62ec2789bd42b913335c3ef15587df98ec3d070d5e9f1c03d8b747a86ebf32","route":"
    record","flow":"QUERY","state":"RESPONSE","flag":"NULL","ljump":2,"rjump":2,"rec
    ord_type":"RECORD_DEFINE","record_subtype":"RECORD","record_num":1,"record_size"
    :0,"expand_num":1,"expand_size":0,"msg_uuid":"a871d3f8b083e2b08fa7584b3b234b6488
    f327c82612c50b90173b46ac965482"},
"RECORD":[
    {"record_no":"001","commodity_news":"","number_info":"1","commodity_prices":"","
        address_info":"","payment_info":"","application_for_drawback_info":"","drawback_
        info":"NO","a_return_request_info":"","return_info":"","delivery_info":"yes","ta
        ke_delivery_info":"","complete_info":"","evaluate_info":"good"}
    ],
"EXPAND" :[
    {"data_size":0,"type":"LABEL_DEFINE","subtype":"USER","expand":
        {"user_name":"zhanle","role":"NULL"}
        }
    ]
}

************************************************************
{
 "HEAD":{"tag":"MESG","version":65537,"sender_uuid":"record_server","receiver_uu
    id":"record_acl","route":"read_access","flow":"QUERY","state":"MATCH","flag":"LO
    CAL","ljump":1,"rjump":1,"record_type":"RECORD_DEFINE","record_subtype":"RECORD"
    ,"record_num":1,"record_size":0,"expand_num":1,"expand_size":0,"msg_uuid":"9f151
    cdda1585062b35e02e48f0696dda4a69b95c9fdb405b6f6a49f12fe6b3d"},
"RECORD":[
    {"record_no":"001","commodity_news":"","number_info":"1","commodity_prices":"","
        address_info":"","payment_info":"","application_for_drawback_info":"","drawback_
        info":"NO","a_return_request_info":"","return_info":"","delivery_info":"yes","ta
        ke_delivery_info":"","complete_info":"","evaluate_info":"good"}
    ],
"EXPAND" :[
    {"data_size":0,"type":"LABEL_DEFINE","subtype":"USER","expand":
        {"user_name":"zhanle","role":"NULL"}
        }
    ]
}

************************************************************
{
 "HEAD":{"tag":"MESG","version":65537,"sender_uuid":"record_server","receiver_uu
    id":"4f62ec2789bd42b913335c3ef15587df98ec3d070d5e9f1c03d8b747a86ebf32","route":"
    record","flow":"QUERY","state":"RESPONSE","flag":"NULL","ljump":2,"rjump":2,"rec
    ord_type":"RECORD_DEFINE","record_subtype":"RECORD","record_num":1,"record_size"
    :0,"expand_num":0,"expand_size":0,"msg_uuid":"a871d3f8b083e2b08fa7584b3b234b6488
    f327c82612c50b90173b46ac965482"},
"RECORD":[
    {"record_no":"001","commodity_news":"","number_info":"1","commodity_prices":"","
        address_info":"","payment_info":"","application_for_drawback_info":"","drawback_
        info":"NO","a_return_request_info":"","return_info":"","delivery_info":"yes","ta
        ke_delivery_info":"","complete_info":"","evaluate_info":"good"}
    ],
"EXPAND" :[]
}

************************************************************
{
 "HEAD":{"tag":"MESG","version":65537,"sender_uuid":"24ff54dc644294d6af77812cf14
    5650d0f5d7e2d0d88b20a9e18b91845a7b51b","receiver_uuid":"record_server","route":"
    record","flow":"QUERY","state":"MATCH","flag":"LOCAL","ljump":1,"rjump":2,"recor
    d_type":"RECORD_DEFINE","record_subtype":"READ","record_num":1,"record_size":4,"
    expand_num":0,"expand_size":0,"msg_uuid":"5c903e02ba9971a7a7d0b755d43ad27806e755
    4d29fd1abbebada428d2dec26c"},
"RECORD":[
    {"record_no":"001"}
    ],
"EXPAND" :[]
}

************************************************************
{
 "HEAD":{"tag":"MESG","version":65537,"sender_uuid":"24ff54dc644294d6af77812cf14
    5650d0f5d7e2d0d88b20a9e18b91845a7b51b","receiver_uuid":"user_label","route":"lab
    el_read","flow":"QUERY","state":"MATCH","flag":"LOCAL","ljump":1,"rjump":1,"reco
    rd_type":"RECORD_DEFINE","record_subtype":"READ","record_num":1,"record_size":4,
    "expand_num":0,"expand_size":0,"msg_uuid":"b823541a413c815a3ef99fde8950b212373bb
    2d7c23a955d1a4d3debf67cf664"},
"RECORD":[
    {"record_no":"001"}
    ],
"EXPAND" :[]
}

************************************************************
{
 "HEAD":{"tag":"MESG","version":65537,"sender_uuid":"24ff54dc644294d6af77812cf14
    5650d0f5d7e2d0d88b20a9e18b91845a7b51b","receiver_uuid":"record_server","route":"
    record","flow":"QUERY","state":"MATCH","flag":"LOCAL","ljump":1,"rjump":2,"recor
    d_type":"RECORD_DEFINE","record_subtype":"READ","record_num":1,"record_size":4,"
    expand_num":1,"expand_size":0,"msg_uuid":"5c903e02ba9971a7a7d0b755d43ad27806e755
    4d29fd1abbebada428d2dec26c"},
"RECORD":[
    {"record_no":"001"}
    ],
"EXPAND" :[
    {"data_size":0,"type":"LABEL_DEFINE","subtype":"USER","expand":
        {"user_name":"zhaowe","role":"NULL"}
        }
    ]
}

************************************************************
{
 "HEAD":{"tag":"MESG","version":65537,"sender_uuid":"record_server","receiver_uu
    id":"24ff54dc644294d6af77812cf145650d0f5d7e2d0d88b20a9e18b91845a7b51b","route":"
    record","flow":"QUERY","state":"RESPONSE","flag":"NULL","ljump":2,"rjump":2,"rec
    ord_type":"RECORD_DEFINE","record_subtype":"RECORD","record_num":1,"record_size"
    :0,"expand_num":1,"expand_size":0,"msg_uuid":"5c903e02ba9971a7a7d0b755d43ad27806
    e7554d29fd1abbebada428d2dec26c"},
"RECORD":[
    {"record_no":"001","commodity_news":"","number_info":"1","commodity_prices":"","
        address_info":"","payment_info":"","application_for_drawback_info":"","drawback_
        info":"NO","a_return_request_info":"","return_info":"","delivery_info":"yes","ta
        ke_delivery_info":"","complete_info":"","evaluate_info":"good"}
    ],
"EXPAND" :[
    {"data_size":0,"type":"LABEL_DEFINE","subtype":"USER","expand":
        {"user_name":"zhaowe","role":"NULL"}
        }
    ]
}

************************************************************
{
 "HEAD":{"tag":"MESG","version":65537,"sender_uuid":"record_server","receiver_uu
    id":"record_acl","route":"read_access","flow":"QUERY","state":"MATCH","flag":"LO
    CAL","ljump":1,"rjump":1,"record_type":"RECORD_DEFINE","record_subtype":"RECORD"
    ,"record_num":1,"record_size":0,"expand_num":1,"expand_size":0,"msg_uuid":"be3be
    ec6219feaf30f9a7286fcb4a90adec92cf53e1cf082e291e53b6ecd37d1"},
"RECORD":[
    {"record_no":"001","commodity_news":"","number_info":"1","commodity_prices":"","
        address_info":"","payment_info":"","application_for_drawback_info":"","drawback_
        info":"NO","a_return_request_info":"","return_info":"","delivery_info":"yes","ta
        ke_delivery_info":"","complete_info":"","evaluate_info":"good"}
    ],
"EXPAND" :[
    {"data_size":0,"type":"LABEL_DEFINE","subtype":"USER","expand":
        {"user_name":"zhaowe","role":"NULL"}
        }
    ]
}

************************************************************
{
 "HEAD":{"tag":"MESG","version":65537,"sender_uuid":"record_server","receiver_uu
    id":"24ff54dc644294d6af77812cf145650d0f5d7e2d0d88b20a9e18b91845a7b51b","route":"
    record","flow":"QUERY","state":"RESPONSE","flag":"NULL","ljump":2,"rjump":2,"rec
    ord_type":"RECORD_DEFINE","record_subtype":"RECORD","record_num":1,"record_size"
    :0,"expand_num":0,"expand_size":0,"msg_uuid":"5c903e02ba9971a7a7d0b755d43ad27806
    e7554d29fd1abbebada428d2dec26c"},
"RECORD":[
    {"record_no":"001","commodity_news":"","number_info":"1","commodity_prices":"","
        address_info":"","payment_info":"","application_for_drawback_info":"","drawback_
        info":"NO","a_return_request_info":"","return_info":"","delivery_info":"yes","ta
        ke_delivery_info":"","complete_info":"","evaluate_info":"good"}
    ],
"EXPAND" :[]
}

************************************************************
