time: 0.000625 :read 3 elem from file /home/student/cube-1.3/proc/main/base_define/namelist.json!
time: 0.000940 :read 4 elem from file /home/student/cube-1.3/proc/main/base_define/dispatchnamelist.json!
time: 0.001060 :read 1 elem from file /home/student/cube-1.3/proc/main/base_define/typelist.json!
time: 0.001444 :read 7 elem from file /home/student/cube-1.3/proc/main/base_define/subtypelist.json!
time: 0.001540 :read 1 elem from file /home/student/cube-1.3/proc/main/base_define/baseflag.json!
time: 0.002141 :read 3 elem from file /home/student/cube-1.3/proc/main/base_define/memdb.json!
time: 0.003840 :read 7 elem from file /home/student/cube-1.3/proc/main/base_define/msghead.json!
time: 0.004391 :read 2 elem from file /home/student/cube-1.3/proc/main/base_define/msgrecord.json!
time: 0.005495 :read 10 elem from file /home/student/cube-1.3/proc/main/base_define/base_msg.json!
time: 0.006453 :read 8 elem from file /home/student/cube-1.3/proc/main/base_define/return.json!
time: 0.007087 :read 3 elem from file /home/student/cube-1.3/proc/main/base_define/dispatchrecord.json!
time: 0.007483 :read 2 elem from file /home/student/cube-1.3/proc/main/base_define/exmoduledefine.json!
time: 0.007797 :read 1 elem from file /home/student/cube-1.3/proc/main/base_define/sys_conn.json!
time: 0.009102 :read 9 elem from file user_define.json!
time: 0.009964 :read 5 elem from file record_define.json!
time: 0.019179 :this machine's local uuid is 4e001bbf5c16bf5cc1d31429472e82ff7868916d2fd41fe142e57a420e7b103f

time: 0.024969 :read 1 connector!

time: 0.025321 :read 2 policy from router_policy file!
time: 0.025386 :system plugin router_proc is prepared!
time: 0.030732 :system plugin connector_proc is prepared!
time: 0.030836 :ex_module connector_proc started successfully!
time: 0.030859 :ex_module router_proc started successfully!
time: 0.030887 :ex_module msg_send started successfully!
time: 0.030909 :ex_module print started successfully!
time: 0.030915 :instance load 4 module!

time: 0.030935 :begin msgfile_send module!

time: 0.031108 :client user_client connect succeed!

time: 0.036291 :proc conn client receive 270 data!

time: 0.036510 :send 327 data to conn user_client!

time: 0.036518 :client user_client send 327 ack data to server !

time: 0.041572 :router get proc connector_proc's message 
time: 0.235939 :router get proc msg_send's message 
time: 0.235983 :new msg match path login's policy
time: 0.236065 :send message to conn process!
time: 0.236208 :send 284 data to conn user_client!

time: 0.236220 :send (12800  1)message 284 to conn user_client!

time: 0.269193 :proc conn client receive 200 data!

time: 0.274206 :router get proc connector_proc's message 
time: 0.274253 :remote msg match path login's policy
time: 0.279482 :router get proc print's message 
time: 1.233318 :router get proc msg_send's message 
time: 1.233386 :new msg match path record's policy
time: 1.233529 :send message to conn process!
time: 1.234079 :send 198 data to conn user_client!

time: 1.234125 :send (12816  3)message 198 to conn user_client!

time: 1.265693 :proc conn client receive 205 data!

time: 1.270693 :router get proc connector_proc's message 
time: 1.270750 :remote msg match path record's policy
time: 1.275944 :router get proc print's message 
time: 2.233165 :router get proc msg_send's message 
time: 2.233220 :new msg match path record's policy
time: 2.233351 :send message to conn process!
time: 2.233820 :send 203 data to conn user_client!

time: 2.233844 :send (12816  3)message 203 to conn user_client!

time: 2.265767 :proc conn client receive 205 data!

time: 2.270356 :router get proc connector_proc's message 
time: 2.270411 :remote msg match path record's policy
time: 2.275587 :router get proc print's message 
time: 3.233874 :router get proc msg_send's message 
time: 3.233928 :new msg match path record's policy
time: 3.234054 :send message to conn process!
time: 3.234298 :send 184 data to conn user_client!

time: 3.234319 :send (12816  2)message 184 to conn user_client!

time: 3.268254 :proc conn client receive 205 data!

time: 3.272617 :router get proc connector_proc's message 
time: 3.272843 :remote msg match path record's policy
time: 3.278065 :router get proc print's message 
