time: 0.000397 :read 3 elem from file /home/student/cube-1.3/proc/main/base_define/namelist.json!
time: 0.000512 :read 4 elem from file /home/student/cube-1.3/proc/main/base_define/dispatchnamelist.json!
time: 0.000567 :read 1 elem from file /home/student/cube-1.3/proc/main/base_define/typelist.json!
time: 0.000760 :read 7 elem from file /home/student/cube-1.3/proc/main/base_define/subtypelist.json!
time: 0.000806 :read 1 elem from file /home/student/cube-1.3/proc/main/base_define/baseflag.json!
time: 0.001032 :read 3 elem from file /home/student/cube-1.3/proc/main/base_define/memdb.json!
time: 0.001743 :read 7 elem from file /home/student/cube-1.3/proc/main/base_define/msghead.json!
time: 0.002019 :read 2 elem from file /home/student/cube-1.3/proc/main/base_define/msgrecord.json!
time: 0.002554 :read 10 elem from file /home/student/cube-1.3/proc/main/base_define/base_msg.json!
time: 0.003003 :read 8 elem from file /home/student/cube-1.3/proc/main/base_define/return.json!
time: 0.003479 :read 3 elem from file /home/student/cube-1.3/proc/main/base_define/dispatchrecord.json!
time: 0.003617 :read 2 elem from file /home/student/cube-1.3/proc/main/base_define/exmoduledefine.json!
time: 0.003751 :read 1 elem from file /home/student/cube-1.3/proc/main/base_define/sys_conn.json!
time: 0.004335 :read 9 elem from file user_define.json!
time: 0.004712 :read 5 elem from file record_define.json!
time: 0.009633 :this machine's local uuid is 4e001bbf5c16bf5cc1d31429472e82ff7868916d2fd41fe142e57a420e7b103f

time: 0.015010 :read 1 connector!

time: 0.015215 :read 3 policy from router_policy file!
time: 0.015266 :system plugin router_proc is prepared!
time: 0.022650 :system plugin connector_proc is prepared!
time: 0.022751 :ex_module connector_proc started successfully!
time: 0.022776 :ex_module router_proc started successfully!
time: 0.022802 :ex_module msg_send started successfully!
time: 0.022823 :ex_module login_user started successfully!
time: 0.022842 :ex_module print started successfully!
time: 0.022848 :instance load 5 module!

time: 0.022869 :begin msgfile_send module!

time: 0.022939 :client user_client connect succeed!

time: 0.033974 :proc conn client receive 270 data!

time: 0.034041 :send 327 data to conn user_client!

time: 0.034048 :client user_client send 327 ack data to server !

time: 0.039741 :router get proc connector_proc's message 
time: 2.028598 :router get proc msg_send's message 
time: 2.028639 :new msg match path login's policy
time: 2.034017 :router get proc login_user's message 
time: 2.034107 :send message to conn process!
time: 2.035414 :send 283 data to conn user_client!

time: 2.035451 :send (16896  1)message 283 to conn user_client!

time: 2.075292 :proc conn client receive 217 data!

time: 2.076490 :router get proc connector_proc's message 
time: 2.076510 :remote msg match path login's policy
time: 2.081666 :router get proc login_user's message 
time: 2.081723 :new msg match path challenge's policy
time: 2.081801 :send message to conn process!
time: 2.082334 :send 283 data to conn user_client!

time: 2.082346 :send (16896  1)message 283 to conn user_client!

time: 2.102864 :proc conn client receive 232 data!

time: 2.107095 :router get proc connector_proc's message 
time: 2.107135 :remote msg match path challenge's policy
time: 2.112166 :user zhaowe login succeed!
time: 2.112286 :router get proc login_user's message 
time: 2.117445 :router get proc print's message 
time: 2.223774 :router get proc msg_send's message 
time: 2.223822 :new msg match path record's policy
time: 2.223953 :send message to conn process!
time: 2.224365 :send 201 data to conn user_client!

time: 2.224388 :send (12816  3)message 201 to conn user_client!

time: 2.260944 :proc conn client receive 237 data!

time: 2.265308 :router get proc connector_proc's message 
time: 2.265363 :remote msg match path record's policy
time: 2.270546 :router get proc print's message 
time: 2.424897 :router get proc msg_send's message 
time: 2.424951 :new msg match path record's policy
time: 2.425080 :send message to conn process!
time: 2.427199 :send 184 data to conn user_client!

time: 2.427260 :send (12816  2)message 184 to conn user_client!

time: 2.458056 :proc conn client receive 203 data!

time: 2.462106 :router get proc connector_proc's message 
time: 2.462159 :remote msg match path record's policy
time: 3.467635 :router get proc print's message 
