time: 0.000582 :read 3 elem from file /home/student/cube-1.3/proc/main/base_define/namelist.json!
time: 0.000815 :read 4 elem from file /home/student/cube-1.3/proc/main/base_define/dispatchnamelist.json!
time: 0.000930 :read 1 elem from file /home/student/cube-1.3/proc/main/base_define/typelist.json!
time: 0.001378 :read 7 elem from file /home/student/cube-1.3/proc/main/base_define/subtypelist.json!
time: 0.001482 :read 1 elem from file /home/student/cube-1.3/proc/main/base_define/baseflag.json!
time: 0.001960 :read 3 elem from file /home/student/cube-1.3/proc/main/base_define/memdb.json!
time: 0.003468 :read 7 elem from file /home/student/cube-1.3/proc/main/base_define/msghead.json!
time: 0.004052 :read 2 elem from file /home/student/cube-1.3/proc/main/base_define/msgrecord.json!
time: 0.005192 :read 10 elem from file /home/student/cube-1.3/proc/main/base_define/base_msg.json!
time: 0.006183 :read 8 elem from file /home/student/cube-1.3/proc/main/base_define/return.json!
time: 0.006814 :read 3 elem from file /home/student/cube-1.3/proc/main/base_define/dispatchrecord.json!
time: 0.007218 :read 2 elem from file /home/student/cube-1.3/proc/main/base_define/exmoduledefine.json!
time: 0.007516 :read 1 elem from file /home/student/cube-1.3/proc/main/base_define/sys_conn.json!
time: 0.008761 :read 9 elem from file user_define.json!
time: 0.009623 :read 5 elem from file record_define.json!
time: 0.010128 :read 4 elem from file label_define.json!
time: 0.010295 :read 3 elem from file user.list!
time: 0.019105 :this machine's local uuid is 4e001bbf5c16bf5cc1d31429472e82ff7868916d2fd41fe142e57a420e7b103f

time: 0.024742 :read 1 connector!

time: 0.024778 :conn server user_server begin to listen!

time: 0.025180 :read 4 policy from router_policy file!
time: 0.025524 :read 6 policy from aspect policy file!
time: 0.025560 :system plugin router_proc is prepared!
time: 0.036770 :system plugin connector_proc is prepared!
time: 0.036933 :ex_module connector_proc started successfully!
time: 0.036981 :ex_module router_proc started successfully!
time: 0.037029 :ex_module login_user started successfully!
time: 0.037070 :ex_module login_server started successfully!
time: 0.037110 :ex_module record_server started successfully!
time: 0.037154 :ex_module user_label started successfully!
time: 0.037193 :ex_module record_acl started successfully!
time: 0.037232 :ex_module login_store started successfully!
time: 0.037270 :ex_module recordlib started successfully!
time: 0.037282 :instance load 9 module!

time: 0.037449 :read 0 lib files!

time: 1.036697 :create a new channel 4c000b20!

time: 1.036843 :send 269 data to conn (null)!

time: 1.038274 :channel set name user1!

time: 1.041760 :router get proc connector_proc's message 
time: 1.041804 :new msg match path addr_init's policy
time: 1.041984 :Add a new link, proc name user1

time: 1.047447 :router get proc user_label's message 
time: 5.944630 :channel receive (12816 3) message from conn user1!

time: 5.944667 :client forward (12816 3) message to main proc!

time: 5.945608 :router get proc connector_proc's message 
time: 5.945640 :remote msg match path record's policy
time: 5.945800 :aspect message to path write_access's policy
time: 5.951384 :router get proc user_label's message 
time: 5.956596 :router get proc record_acl's message 
time: 5.977893 :router get proc record_server's message 
time: 5.977998 :send message to conn process!
time: 5.978980 :send 237 data to conn user1!

time: 5.978995 :send (16896  4)message 237 to conn user1!

time: 5.983738 :router get proc record_server's message 
time: 5.983762 :new msg match path store's policy
time: 5.043531 :create a new channel 4c003070!

time: 5.043630 :send 270 data to conn (null)!

time: 5.046535 :channel set name user2!

time: 5.048550 :router get proc connector_proc's message 
time: 5.048591 :new msg match path addr_init's policy
time: 5.053546 :Add a new link, proc name user2

time: 5.053752 :router get proc user_label's message 
time: 5.056338 :create a new channel 4c001030!

time: 5.056436 :send 270 data to conn (null)!

time: 5.059707 :channel set name user3!

time: 5.065227 :router get proc connector_proc's message 
time: 5.065273 :new msg match path addr_init's policy
time: 5.065390 :Add a new link, proc name user3

time: 6.070713 :router get proc user_label's message 
time: 6.151754 :channel receive (12816 2) message from conn user1!

time: 6.151786 :client forward (12816 2) message to main proc!

time: 6.156714 :router get proc connector_proc's message 
time: 6.156752 :remote msg match path record's policy
time: 6.156837 :aspect message to path label_read's policy
time: 6.162150 :router get proc user_label's message 
time: 6.167384 :router get proc record_server's message 
time: 6.167562 :aspect message to path read_access's policy
time: 6.172905 :router get proc record_acl's message 
time: 6.173032 :send message to conn process!
time: 6.175075 :send 200 data to conn user1!

time: 6.175091 :send (12816  1)message 200 to conn user1!

time: 8.481690 :channel receive (12816 3) message from conn user3!

time: 8.481751 :client forward (12816 3) message to main proc!

time: 8.486130 :router get proc connector_proc's message 
time: 8.486195 :remote msg match path record's policy
time: 8.486368 :aspect message to path write_access's policy
time: 8.491582 :router get proc user_label's message 
time: 8.496931 :router get proc record_acl's message 
time: 8.502175 :router get proc record_server's message 
time: 8.502442 :send message to conn process!
time: 8.502699 :send 237 data to conn user3!

time: 8.502722 :send (16896  4)message 237 to conn user3!

time: 8.507864 :router get proc record_server's message 
time: 8.507897 :new msg match path store's policy
time: 8.682626 :channel receive (12816 2) message from conn user3!

time: 8.682664 :client forward (12816 2) message to main proc!

time: 8.686750 :router get proc connector_proc's message 
time: 8.686791 :remote msg match path record's policy
time: 8.686890 :aspect message to path label_read's policy
time: 8.692004 :router get proc user_label's message 
time: 8.697502 :router get proc record_server's message 
time: 8.697662 :aspect message to path read_access's policy
time: 8.702829 :router get proc record_acl's message 
time: 8.702999 :send message to conn process!
time: 8.703176 :send 203 data to conn user3!

time: 8.703187 :send (12816  1)message 203 to conn user3!

time: 10.728907 :channel receive (12816 2) message from conn user2!

time: 10.728950 :client forward (12816 2) message to main proc!

time: 10.733996 :router get proc connector_proc's message 
time: 10.734058 :remote msg match path record's policy
time: 10.734216 :aspect message to path label_read's policy
time: 10.739406 :router get proc user_label's message 
time: 10.744809 :router get proc record_server's message 
time: 10.745096 :aspect message to path read_access's policy
time: 10.750597 :router get proc record_acl's message 
time: 10.750816 :send message to conn process!
time: 10.751135 :send 203 data to conn user2!

time: 10.751161 :send (12816  1)message 203 to conn user2!

