time: 0.000515 :read 3 elem from file /home/student/cube-1.3/proc/main/base_define/namelist.json!
time: 0.000732 :read 4 elem from file /home/student/cube-1.3/proc/main/base_define/dispatchnamelist.json!
time: 0.000881 :read 1 elem from file /home/student/cube-1.3/proc/main/base_define/typelist.json!
time: 0.001273 :read 7 elem from file /home/student/cube-1.3/proc/main/base_define/subtypelist.json!
time: 0.001364 :read 1 elem from file /home/student/cube-1.3/proc/main/base_define/baseflag.json!
time: 0.001880 :read 3 elem from file /home/student/cube-1.3/proc/main/base_define/memdb.json!
time: 0.003369 :read 7 elem from file /home/student/cube-1.3/proc/main/base_define/msghead.json!
time: 0.004269 :read 2 elem from file /home/student/cube-1.3/proc/main/base_define/msgrecord.json!
time: 0.005395 :read 10 elem from file /home/student/cube-1.3/proc/main/base_define/base_msg.json!
time: 0.006357 :read 8 elem from file /home/student/cube-1.3/proc/main/base_define/return.json!
time: 0.007015 :read 3 elem from file /home/student/cube-1.3/proc/main/base_define/dispatchrecord.json!
time: 0.007291 :read 2 elem from file /home/student/cube-1.3/proc/main/base_define/exmoduledefine.json!
time: 0.007552 :read 1 elem from file /home/student/cube-1.3/proc/main/base_define/sys_conn.json!
time: 0.008929 :read 9 elem from file user_define.json!
time: 0.009799 :read 5 elem from file record_define.json!
time: 0.018779 :this machine's local uuid is 4e001bbf5c16bf5cc1d31429472e82ff7868916d2fd41fe142e57a420e7b103f

time: 0.025377 :read 1 connector!

time: 0.030328 :read 2 policy from router_policy file!
time: 0.030410 :system plugin router_proc is prepared!
time: 0.035952 :system plugin connector_proc is prepared!
time: 0.036118 :ex_module connector_proc started successfully!
time: 0.036163 :ex_module router_proc started successfully!
time: 0.036211 :ex_module msg_send started successfully!
time: 0.036249 :ex_module print started successfully!
time: 0.036261 :instance load 4 module!

time: 0.036297 :begin msgfile_send module!

time: 0.036434 :client user_client connect succeed!

time: 0.041593 :proc conn client receive 270 data!

time: 0.041741 :send 327 data to conn user_client!

time: 0.041748 :client user_client send 327 ack data to server !

time: 0.046799 :router get proc connector_proc's message 
time: 0.238252 :router get proc msg_send's message 
time: 0.238351 :new msg match path login's policy
time: 0.238510 :send message to conn process!
time: 0.238995 :send 283 data to conn user_client!

time: 0.239017 :send (12800  1)message 283 to conn user_client!

time: 0.276297 :proc conn client receive 200 data!

time: 0.280940 :router get proc connector_proc's message 
time: 0.280979 :remote msg match path login's policy
time: 0.288520 :router get proc print's message 
time: 2.239415 :router get proc msg_send's message 
time: 2.239479 :new msg match path record's policy
time: 2.239612 :send message to conn process!
time: 2.240062 :send 201 data to conn user_client!

time: 2.240092 :send (12816  3)message 201 to conn user_client!

time: 2.278201 :proc conn client receive 205 data!

time: 2.282828 :router get proc connector_proc's message 
time: 2.282867 :remote msg match path record's policy
time: 2.291458 :router get proc print's message 
time: 4.241590 :router get proc msg_send's message 
time: 4.241655 :new msg match path record's policy
time: 4.241786 :send message to conn process!
time: 4.242112 :send 184 data to conn user_client!

time: 4.242133 :send (12816  2)message 184 to conn user_client!

time: 4.274247 :proc conn client receive 207 data!

time: 4.279221 :router get proc connector_proc's message 
time: 4.279259 :remote msg match path record's policy
time: 4.284627 :router get proc print's message 
