time: 0.000414 :read 3 elem from file /home/student/cube-1.3/proc/main/base_define/namelist.json!
time: 0.000529 :read 4 elem from file /home/student/cube-1.3/proc/main/base_define/dispatchnamelist.json!
time: 0.000584 :read 1 elem from file /home/student/cube-1.3/proc/main/base_define/typelist.json!
time: 0.000776 :read 7 elem from file /home/student/cube-1.3/proc/main/base_define/subtypelist.json!
time: 0.000823 :read 1 elem from file /home/student/cube-1.3/proc/main/base_define/baseflag.json!
time: 0.001050 :read 3 elem from file /home/student/cube-1.3/proc/main/base_define/memdb.json!
time: 0.002290 :read 7 elem from file /home/student/cube-1.3/proc/main/base_define/msghead.json!
time: 0.002564 :read 2 elem from file /home/student/cube-1.3/proc/main/base_define/msgrecord.json!
time: 0.005192 :read 10 elem from file /home/student/cube-1.3/proc/main/base_define/base_msg.json!
time: 0.005658 :read 8 elem from file /home/student/cube-1.3/proc/main/base_define/return.json!
time: 0.005928 :read 3 elem from file /home/student/cube-1.3/proc/main/base_define/dispatchrecord.json!
time: 0.006156 :read 2 elem from file /home/student/cube-1.3/proc/main/base_define/exmoduledefine.json!
time: 0.006291 :read 1 elem from file /home/student/cube-1.3/proc/main/base_define/sys_conn.json!
time: 0.006816 :read 9 elem from file user_define.json!
time: 0.007086 :read 5 elem from file record_define.json!
time: 0.018288 :this machine's local uuid is 4e001bbf5c16bf5cc1d31429472e82ff7868916d2fd41fe142e57a420e7b103f

time: 0.023847 :read 1 connector!

time: 0.024017 :read 2 policy from router_policy file!
time: 0.024047 :system plugin router_proc is prepared!
time: 0.029435 :system plugin connector_proc is prepared!
time: 0.029547 :ex_module connector_proc started successfully!
time: 0.029574 :ex_module router_proc started successfully!
time: 0.029601 :ex_module msg_send started successfully!
time: 0.029624 :ex_module print started successfully!
time: 0.029630 :instance load 4 module!

time: 0.029649 :begin msgfile_send module!

time: 0.029735 :client user_client connect succeed!

time: 0.034875 :proc conn client receive 269 data!

time: 0.035041 :send 324 data to conn user_client!

time: 0.035048 :client user_client send 324 ack data to server !

time: 0.040202 :router get proc connector_proc's message 
time: 2.030415 :router get proc msg_send's message 
time: 2.030443 :new msg match path login's policy
time: 2.030531 :send message to conn process!
time: 2.035229 :send 284 data to conn user_client!

time: 2.035261 :send (12800  1)message 284 to conn user_client!

time: 2.065478 :proc conn client receive 200 data!

time: 2.069576 :router get proc connector_proc's message 
time: 2.069604 :remote msg match path login's policy
time: 2.075220 :router get proc print's message 
time: 3.031710 :router get proc msg_send's message 
time: 3.031763 :new msg match path record's policy
time: 3.031838 :send message to conn process!
time: 3.036692 :send 216 data to conn user_client!

time: 3.036721 :send (12816  3)message 216 to conn user_client!

time: 4.035059 :router get proc msg_send's message 
time: 4.035102 :new msg match path record's policy
time: 4.035188 :send message to conn process!
time: 4.039909 :send 184 data to conn user_client!

time: 4.039940 :send (12816  2)message 184 to conn user_client!

time: 4.069283 :proc conn client receive 186 data!

time: 4.070155 :router get proc connector_proc's message 
time: 4.070169 :remote msg match path record's policy
time: 4.075588 :router get proc print's message 
