time: 0.000596 :read 3 elem from file /home/student/cube-1.3/proc/main/base_define/namelist.json!
time: 0.000817 :read 4 elem from file /home/student/cube-1.3/proc/main/base_define/dispatchnamelist.json!
time: 0.000925 :read 1 elem from file /home/student/cube-1.3/proc/main/base_define/typelist.json!
time: 0.001383 :read 7 elem from file /home/student/cube-1.3/proc/main/base_define/subtypelist.json!
time: 0.001483 :read 1 elem from file /home/student/cube-1.3/proc/main/base_define/baseflag.json!
time: 0.001937 :read 3 elem from file /home/student/cube-1.3/proc/main/base_define/memdb.json!
time: 0.003247 :read 7 elem from file /home/student/cube-1.3/proc/main/base_define/msghead.json!
time: 0.003787 :read 2 elem from file /home/student/cube-1.3/proc/main/base_define/msgrecord.json!
time: 0.004887 :read 10 elem from file /home/student/cube-1.3/proc/main/base_define/base_msg.json!
time: 0.005949 :read 8 elem from file /home/student/cube-1.3/proc/main/base_define/return.json!
time: 0.006578 :read 3 elem from file /home/student/cube-1.3/proc/main/base_define/dispatchrecord.json!
time: 0.006844 :read 2 elem from file /home/student/cube-1.3/proc/main/base_define/exmoduledefine.json!
time: 0.007183 :read 1 elem from file /home/student/cube-1.3/proc/main/base_define/sys_conn.json!
time: 0.008346 :read 9 elem from file user_define.json!
time: 0.009239 :read 5 elem from file record_define.json!
time: 0.018939 :this machine's local uuid is 4e001bbf5c16bf5cc1d31429472e82ff7868916d2fd41fe142e57a420e7b103f

time: 0.025148 :read 1 connector!

time: 0.025396 :read 3 policy from router_policy file!
time: 0.025442 :system plugin router_proc is prepared!
time: 0.036694 :system plugin connector_proc is prepared!
time: 0.036867 :ex_module connector_proc started successfully!
time: 0.036897 :ex_module router_proc started successfully!
time: 0.036934 :ex_module msg_send started successfully!
time: 0.036961 :ex_module login_user started successfully!
time: 0.036982 :ex_module print started successfully!
time: 0.036989 :instance load 5 module!

time: 0.037019 :begin msgfile_send module!

time: 0.037158 :client user_client connect succeed!

time: 0.042523 :proc conn client receive 269 data!

time: 0.042901 :send 326 data to conn user_client!

time: 0.042909 :client user_client send 326 ack data to server !

time: 0.047744 :router get proc connector_proc's message 
time: 2.039601 :router get proc msg_send's message 
time: 2.039983 :new msg match path login's policy
time: 2.045525 :router get proc login_user's message 
time: 2.045638 :send message to conn process!
time: 2.045690 :send 283 data to conn user_client!

time: 2.045698 :send (16896  1)message 283 to conn user_client!

time: 2.067126 :proc conn client receive 217 data!

time: 2.072340 :router get proc connector_proc's message 
time: 2.072398 :remote msg match path login's policy
time: 2.077551 :router get proc login_user's message 
time: 2.077580 :new msg match path challenge's policy
time: 2.077653 :send message to conn process!
time: 2.077953 :send 283 data to conn user_client!

time: 2.077964 :send (16896  1)message 283 to conn user_client!

time: 2.109934 :proc conn client receive 232 data!

time: 2.115092 :router get proc connector_proc's message 
time: 2.115141 :remote msg match path challenge's policy
time: 2.120213 :user zhaowe login succeed!
time: 2.120411 :router get proc login_user's message 
time: 2.125603 :router get proc print's message 
time: 2.240007 :router get proc msg_send's message 
time: 2.240051 :new msg match path record's policy
time: 2.240122 :send message to conn process!
time: 2.240303 :send 205 data to conn user_client!

time: 2.240321 :send (12816  3)message 205 to conn user_client!

time: 2.273270 :proc conn client receive 237 data!

time: 2.278705 :router get proc connector_proc's message 
time: 2.278743 :remote msg match path record's policy
time: 2.284048 :router get proc print's message 
time: 2.442469 :router get proc msg_send's message 
time: 2.442536 :new msg match path record's policy
time: 2.442676 :send message to conn process!
time: 2.443093 :send 184 data to conn user_client!

time: 2.443142 :send (12816  2)message 184 to conn user_client!

time: 2.475792 :proc conn client receive 200 data!

time: 2.479954 :router get proc connector_proc's message 
time: 2.480013 :remote msg match path record's policy
time: 2.486000 :router get proc print's message 
